TN:
SF:apps\api\src\app.ts
FN:9,createApp
FNF:1
FNH:1
FNDA:8,createApp
DA:1,8
DA:2,8
DA:3,8
DA:4,8
DA:5,8
DA:6,8
DA:7,8
DA:9,8
DA:10,8
DA:13,8
DA:14,8
DA:15,8
DA:16,8
DA:17,8
DA:20,8
DA:23,8
DA:26,8
DA:28,8
LF:18
LH:18
BRDA:17,0,0,0
BRDA:17,0,1,8
BRF:2
BRH:1
end_of_record
TN:
SF:apps\api\src\config\app.config.ts
FNF:0
FNH:0
DA:1,8
DA:2,8
DA:4,8
LF:3
LH:3
BRDA:5,0,0,8
BRDA:5,0,1,0
BRDA:6,1,0,8
BRDA:6,1,1,8
BRDA:7,2,0,8
BRDA:7,2,1,8
BRDA:8,3,0,8
BRDA:8,3,1,8
BRDA:9,4,0,8
BRDA:9,4,1,8
BRDA:10,5,0,8
BRDA:10,5,1,8
BRF:12
BRH:11
end_of_record
TN:
SF:apps\api\src\config\auth.config.ts
FNF:0
FNH:0
DA:1,8
LF:1
LH:1
BRDA:2,0,0,8
BRDA:2,0,1,8
BRDA:3,1,0,8
BRDA:3,1,1,8
BRDA:4,2,0,8
BRDA:4,2,1,8
BRDA:5,3,0,8
BRDA:5,3,1,8
BRF:8
BRH:8
end_of_record
TN:
SF:apps\api\src\config\database.config.ts
FNF:0
FNH:0
DA:1,6
LF:1
LH:1
BRDA:2,0,0,6
BRDA:2,0,1,6
BRF:2
BRH:2
end_of_record
TN:
SF:apps\api\src\core\auth\jwt.service.ts
FN:14,(anonymous_1)
FN:18,(anonymous_2)
FN:22,(anonymous_3)
FN:26,(anonymous_4)
FNF:4
FNH:0
FNDA:0,(anonymous_1)
FNDA:0,(anonymous_2)
FNDA:0,(anonymous_3)
FNDA:0,(anonymous_4)
DA:1,8
DA:2,8
DA:13,8
DA:15,0
DA:19,0
DA:23,0
DA:27,0
LF:7
LH:3
BRF:0
BRH:0
end_of_record
TN:
SF:apps\api\src\core\exceptions\HttpException.ts
FN:2,(anonymous_0)
FN:9,(anonymous_1)
FN:15,(anonymous_2)
FN:21,(anonymous_3)
FN:27,(anonymous_4)
FN:33,(anonymous_5)
FNF:6
FNH:0
FNDA:0,(anonymous_0)
FNDA:0,(anonymous_1)
FNDA:0,(anonymous_2)
FNDA:0,(anonymous_3)
FNDA:0,(anonymous_4)
FNDA:0,(anonymous_5)
DA:1,8
DA:2,0
DA:3,0
DA:4,0
DA:8,8
DA:10,0
DA:14,8
DA:16,0
DA:20,8
DA:22,0
DA:26,8
DA:28,0
DA:32,8
DA:34,0
LF:14
LH:6
BRDA:2,0,0,0
BRDA:9,1,0,0
BRDA:15,2,0,0
BRDA:21,3,0,0
BRDA:27,4,0,0
BRDA:27,5,0,0
BRDA:33,6,0,0
BRF:7
BRH:0
end_of_record
TN:
SF:apps\api\src\core\logger\winston.logger.ts
FN:13,(anonymous_2)
FNF:1
FNH:0
FNDA:0,(anonymous_2)
DA:1,8
DA:3,8
DA:13,0
DA:14,0
LF:4
LH:2
BRDA:4,0,0,0
BRDA:4,0,1,8
BRDA:14,1,0,0
BRDA:14,1,1,0
BRF:4
BRH:1
end_of_record
TN:
SF:apps\api\src\core\middleware\auth.middleware.ts
FN:5,(anonymous_0)
FNF:1
FNH:1
FNDA:13,(anonymous_0)
DA:2,8
DA:5,8
DA:6,13
DA:7,13
DA:9,13
DA:16,13
DA:17,13
DA:18,13
DA:21,0
DA:22,0
DA:23,0
DA:24,0
DA:31,0
DA:32,0
DA:33,0
DA:36,0
DA:37,0
DA:38,0
DA:39,0
DA:40,0
DA:43,0
DA:50,0
DA:51,0
DA:52,0
LF:24
LH:8
BRDA:7,0,0,13
BRDA:7,1,0,13
BRDA:7,1,1,0
BRDA:23,2,0,0
BRDA:23,3,0,0
BRDA:23,3,1,0
BRDA:38,4,0,0
BRDA:38,4,1,0
BRDA:39,5,0,0
BRDA:39,5,1,0
BRF:10
BRH:2
end_of_record
TN:
SF:apps\api\src\core\middleware\errorHandler.middleware.ts
FN:6,(anonymous_0)
FNF:1
FNH:0
FNDA:0,(anonymous_0)
DA:2,8
DA:3,8
DA:4,8
DA:6,8
DA:12,0
DA:13,0
DA:16,0
DA:18,0
LF:8
LH:4
BRDA:12,0,0,0
BRF:1
BRH:0
end_of_record
TN:
SF:apps\api\src\core\middleware\tenant.middleware.ts
FN:4,(anonymous_0)
FNF:1
FNH:1
FNDA:13,(anonymous_0)
DA:2,8
DA:4,8
DA:5,13
DA:6,13
DA:7,13
DA:9,13
DA:10,0
DA:13,13
DA:14,13
LF:9
LH:8
BRDA:6,0,0,0
BRDA:6,0,1,13
BRDA:6,1,0,13
BRDA:6,1,1,13
BRDA:7,2,0,13
BRDA:7,2,1,0
BRDA:7,2,2,0
BRDA:9,3,0,0
BRF:8
BRH:4
end_of_record
TN:
SF:apps\api\src\core\middleware\validation.middleware.ts
FN:5,(anonymous_7)
FN:6,(anonymous_8)
FN:6,(anonymous_9)
FN:13,(anonymous_10)
FNF:4
FNH:1
FNDA:1248,(anonymous_7)
FNDA:0,(anonymous_8)
FNDA:0,(anonymous_9)
FNDA:0,(anonymous_10)
DA:2,8
DA:3,8
DA:5,8
DA:6,1248
DA:7,0
DA:8,0
DA:9,0
DA:11,0
DA:12,0
DA:13,0
DA:14,0
DA:15,0
DA:16,0
DA:18,0
DA:20,0
LF:15
LH:4
BRDA:11,0,0,0
BRDA:15,1,0,0
BRF:2
BRH:0
end_of_record
TN:
SF:apps\api\src\core\rbac\rbac.middleware.ts
FN:4,(anonymous_0)
FN:5,(anonymous_1)
FN:17,(anonymous_2)
FN:27,(anonymous_3)
FN:28,(anonymous_4)
FNF:5
FNH:2
FNDA:3120,(anonymous_0)
FNDA:8,(anonymous_1)
FNDA:0,(anonymous_2)
FNDA:0,(anonymous_3)
FNDA:0,(anonymous_4)
DA:2,8
DA:4,8
DA:5,3120
DA:6,8
DA:7,8
DA:8,0
DA:11,8
DA:12,8
DA:15,0
DA:16,0
DA:17,0
DA:19,0
DA:20,0
DA:23,0
DA:27,8
DA:28,0
DA:29,0
DA:30,0
DA:31,0
DA:34,0
DA:35,0
DA:36,0
DA:39,0
LF:23
LH:8
BRDA:7,0,0,0
BRDA:11,1,0,8
BRDA:11,2,0,8
BRDA:11,2,1,0
BRDA:15,3,0,0
BRDA:15,3,1,0
BRDA:16,4,0,0
BRDA:16,4,1,0
BRDA:19,5,0,0
BRDA:30,6,0,0
BRDA:34,7,0,0
BRDA:34,7,1,0
BRDA:35,8,0,0
BRF:13
BRH:2
end_of_record
TN:
SF:apps\api\src\database\base.model.ts
FNF:0
FNH:0
DA:19,8
DA:35,8
LF:2
LH:2
BRF:0
BRH:0
end_of_record
TN:
SF:apps\api\src\database\base.repository.ts
FN:30,(anonymous_7)
FN:32,(anonymous_8)
FN:36,(anonymous_10)
FN:58,(anonymous_12)
FN:62,(anonymous_14)
FN:62,(anonymous_15)
FN:90,(anonymous_16)
FN:104,(anonymous_18)
FN:119,(anonymous_20)
FNF:9
FNH:3
FNDA:488,(anonymous_7)
FNDA:0,(anonymous_8)
FNDA:0,(anonymous_10)
FNDA:0,(anonymous_12)
FNDA:6,(anonymous_14)
FNDA:6,(anonymous_15)
FNDA:0,(anonymous_16)
FNDA:0,(anonymous_18)
FNDA:0,(anonymous_20)
DA:1,8
DA:29,8
DA:30,488
DA:33,0
DA:37,0
DA:38,0
DA:39,0
DA:43,0
DA:44,0
DA:45,0
DA:47,0
DA:48,0
DA:49,0
DA:50,0
DA:52,0
DA:54,0
DA:59,0
DA:62,6
DA:63,6
DA:64,6
DA:65,6
DA:66,6
DA:67,6
DA:69,6
DA:71,6
DA:81,6
DA:91,0
DA:92,0
DA:93,0
DA:97,0
DA:98,0
DA:100,0
DA:105,0
DA:106,0
DA:107,0
DA:111,0
DA:112,0
DA:113,0
DA:115,0
DA:120,0
DA:121,0
DA:122,0
DA:126,0
DA:127,0
DA:128,0
DA:130,0
LF:46
LH:12
BRDA:38,0,0,0
BRDA:38,0,1,0
BRDA:39,1,0,0
BRDA:39,1,1,0
BRDA:43,2,0,0
BRDA:45,3,0,0
BRDA:47,4,0,0
BRDA:47,5,0,0
BRDA:47,5,1,0
BRDA:49,6,0,0
BRDA:62,7,0,0
BRDA:63,8,0,6
BRDA:63,8,1,6
BRDA:64,9,0,6
BRDA:64,9,1,6
BRDA:66,10,0,6
BRDA:66,10,1,6
BRDA:67,11,0,0
BRDA:67,11,1,6
BRDA:86,12,0,6
BRDA:86,12,1,6
BRDA:92,13,0,0
BRDA:92,13,1,0
BRDA:93,14,0,0
BRDA:93,14,1,0
BRDA:97,15,0,0
BRDA:106,16,0,0
BRDA:106,16,1,0
BRDA:107,17,0,0
BRDA:107,17,1,0
BRDA:111,18,0,0
BRDA:121,19,0,0
BRDA:121,19,1,0
BRDA:122,20,0,0
BRDA:122,20,1,0
BRDA:126,21,0,0
BRDA:128,22,0,0
BRDA:128,22,1,0
BRF:38
BRH:9
end_of_record
TN:
SF:apps\api\src\database\connection.ts
FN:7,(anonymous_8)
FN:24,(anonymous_10)
FNF:2
FNH:2
FNDA:6,(anonymous_8)
FNDA:6,(anonymous_10)
DA:1,6
DA:2,6
DA:4,6
DA:5,6
DA:8,6
DA:10,6
DA:11,6
DA:12,0
DA:15,6
DA:16,6
DA:17,6
DA:19,0
DA:20,0
DA:25,6
DA:26,6
DA:27,6
DA:28,6
LF:17
LH:14
BRDA:8,0,0,0
BRDA:11,1,0,0
BRDA:25,2,0,0
BRF:3
BRH:0
end_of_record
TN:
SF:apps\api\src\domains\administration\routes.ts
FNF:0
FNH:0
DA:1,8
DA:2,8
DA:3,8
DA:4,8
DA:5,8
DA:6,8
DA:7,8
DA:8,8
DA:10,8
DA:12,8
DA:13,8
DA:14,8
DA:15,8
DA:16,8
DA:17,8
DA:18,8
DA:20,8
LF:17
LH:17
BRF:0
BRH:0
end_of_record
TN:
SF:apps\api\src\domains\administration\activity-logs\controller\activity-logs.controller.ts
FN:6,(anonymous_7)
FN:10,(anonymous_8)
FN:10,(anonymous_9)
FN:26,(anonymous_10)
FN:26,(anonymous_11)
FN:36,(anonymous_12)
FN:36,(anonymous_13)
FN:47,(anonymous_14)
FN:47,(anonymous_15)
FN:58,(anonymous_16)
FN:58,(anonymous_17)
FNF:11
FNH:1
FNDA:8,(anonymous_7)
FNDA:0,(anonymous_8)
FNDA:0,(anonymous_9)
FNDA:0,(anonymous_10)
FNDA:0,(anonymous_11)
FNDA:0,(anonymous_12)
FNDA:0,(anonymous_13)
FNDA:0,(anonymous_14)
FNDA:0,(anonymous_15)
FNDA:0,(anonymous_16)
FNDA:0,(anonymous_17)
DA:2,8
DA:3,8
DA:5,8
DA:6,8
DA:7,8
DA:10,8
DA:11,0
DA:12,0
DA:13,0
DA:14,0
DA:15,0
DA:22,0
DA:26,8
DA:27,0
DA:28,0
DA:29,0
DA:30,0
DA:32,0
DA:36,8
DA:37,0
DA:38,0
DA:39,0
DA:40,0
DA:41,0
DA:43,0
DA:47,8
DA:48,0
DA:49,0
DA:50,0
DA:51,0
DA:52,0
DA:54,0
DA:58,8
DA:59,0
DA:60,0
DA:61,0
DA:62,0
DA:63,0
DA:65,0
LF:39
LH:10
BRDA:6,0,0,8
BRF:1
BRH:1
end_of_record
TN:
SF:apps\api\src\domains\administration\activity-logs\mapper\activity-logs.mapper.ts
FN:5,(anonymous_0)
FNF:1
FNH:0
FNDA:0,(anonymous_0)
DA:4,8
DA:6,0
LF:2
LH:1
BRF:0
BRH:0
end_of_record
TN:
SF:apps\api\src\domains\administration\activity-logs\model\activity-logs.model.ts
FNF:0
FNH:0
DA:1,8
DA:2,8
DA:11,8
DA:22,8
LF:4
LH:4
BRF:0
BRH:0
end_of_record
TN:
SF:apps\api\src\domains\administration\activity-logs\permissions\activity-logs.permissions.ts
FNF:0
FNH:0
DA:1,8
LF:1
LH:1
BRF:0
BRH:0
end_of_record
TN:
SF:apps\api\src\domains\administration\activity-logs\repository\activity-logs.repository.ts
FN:7,(anonymous_0)
FNF:1
FNH:1
FNDA:8,(anonymous_0)
DA:1,8
DA:2,8
DA:6,8
DA:8,8
LF:4
LH:4
BRF:0
BRH:0
end_of_record
TN:
SF:apps\api\src\domains\administration\activity-logs\routes\activity-logs.routes.ts
FNF:0
FNH:0
DA:1,8
DA:2,8
DA:3,8
DA:4,8
DA:5,8
DA:6,8
DA:8,8
DA:9,8
DA:11,8
DA:12,8
DA:13,8
DA:14,8
DA:15,8
DA:17,8
LF:14
LH:14
BRF:0
BRH:0
end_of_record
TN:
SF:apps\api\src\domains\administration\activity-logs\routes\index.ts
FNF:0
FNH:0
DA:1,8
LF:1
LH:1
BRF:0
BRH:0
end_of_record
TN:
SF:apps\api\src\domains\administration\activity-logs\service\activity-logs.service.ts
FN:9,(anonymous_7)
FN:13,(anonymous_8)
FN:25,(anonymous_10)
FN:31,(anonymous_12)
FN:39,(anonymous_14)
FN:45,(anonymous_16)
FNF:6
FNH:1
FNDA:8,(anonymous_7)
FNDA:0,(anonymous_8)
FNDA:0,(anonymous_10)
FNDA:0,(anonymous_12)
FNDA:0,(anonymous_14)
FNDA:0,(anonymous_16)
DA:1,8
DA:2,8
DA:4,8
DA:5,8
DA:8,8
DA:9,8
DA:10,8
DA:14,0
DA:22,0
DA:26,0
DA:27,0
DA:28,0
DA:32,0
DA:33,0
DA:40,0
DA:41,0
DA:42,0
DA:46,0
DA:47,0
DA:48,0
LF:20
LH:7
BRDA:9,0,0,8
BRDA:19,1,0,0
BRDA:19,1,1,0
BRDA:27,2,0,0
BRDA:41,3,0,0
BRDA:47,4,0,0
BRF:6
BRH:1
end_of_record
TN:
SF:apps\api\src\domains\administration\activity-logs\validation\activity-logs.validation.ts
FNF:0
FNH:0
DA:1,8
DA:3,8
DA:10,8
LF:3
LH:3
BRF:0
BRH:0
end_of_record
TN:
SF:apps\api\src\domains\administration\audit-logs\controller\audit-logs.controller.ts
FN:6,(anonymous_7)
FN:10,(anonymous_8)
FN:10,(anonymous_9)
FN:26,(anonymous_10)
FN:26,(anonymous_11)
FN:36,(anonymous_12)
FN:36,(anonymous_13)
FN:47,(anonymous_14)
FN:47,(anonymous_15)
FN:58,(anonymous_16)
FN:58,(anonymous_17)
FNF:11
FNH:1
FNDA:8,(anonymous_7)
FNDA:0,(anonymous_8)
FNDA:0,(anonymous_9)
FNDA:0,(anonymous_10)
FNDA:0,(anonymous_11)
FNDA:0,(anonymous_12)
FNDA:0,(anonymous_13)
FNDA:0,(anonymous_14)
FNDA:0,(anonymous_15)
FNDA:0,(anonymous_16)
FNDA:0,(anonymous_17)
DA:2,8
DA:3,8
DA:5,8
DA:6,8
DA:7,8
DA:10,8
DA:11,0
DA:12,0
DA:13,0
DA:14,0
DA:15,0
DA:22,0
DA:26,8
DA:27,0
DA:28,0
DA:29,0
DA:30,0
DA:32,0
DA:36,8
DA:37,0
DA:38,0
DA:39,0
DA:40,0
DA:41,0
DA:43,0
DA:47,8
DA:48,0
DA:49,0
DA:50,0
DA:51,0
DA:52,0
DA:54,0
DA:58,8
DA:59,0
DA:60,0
DA:61,0
DA:62,0
DA:63,0
DA:65,0
LF:39
LH:10
BRDA:6,0,0,8
BRF:1
BRH:1
end_of_record
TN:
SF:apps\api\src\domains\administration\audit-logs\mapper\audit-logs.mapper.ts
FN:5,(anonymous_0)
FNF:1
FNH:0
FNDA:0,(anonymous_0)
DA:4,8
DA:6,0
LF:2
LH:1
BRF:0
BRH:0
end_of_record
TN:
SF:apps\api\src\domains\administration\audit-logs\model\audit-logs.model.ts
FNF:0
FNH:0
DA:1,8
DA:2,8
DA:11,8
DA:22,8
LF:4
LH:4
BRF:0
BRH:0
end_of_record
TN:
SF:apps\api\src\domains\administration\audit-logs\permissions\audit-logs.permissions.ts
FNF:0
FNH:0
DA:1,8
LF:1
LH:1
BRF:0
BRH:0
end_of_record
TN:
SF:apps\api\src\domains\administration\audit-logs\repository\audit-logs.repository.ts
FN:7,(anonymous_0)
FNF:1
FNH:1
FNDA:8,(anonymous_0)
DA:1,8
DA:2,8
DA:6,8
DA:8,8
LF:4
LH:4
BRF:0
BRH:0
end_of_record
TN:
SF:apps\api\src\domains\administration\audit-logs\routes\audit-logs.routes.ts
FNF:0
FNH:0
DA:1,8
DA:2,8
DA:3,8
DA:4,8
DA:5,8
DA:6,8
DA:8,8
DA:9,8
DA:11,8
DA:12,8
DA:13,8
DA:14,8
DA:15,8
DA:17,8
LF:14
LH:14
BRF:0
BRH:0
end_of_record
TN:
SF:apps\api\src\domains\administration\audit-logs\routes\index.ts
FNF:0
FNH:0
DA:1,8
LF:1
LH:1
BRF:0
BRH:0
end_of_record
TN:
SF:apps\api\src\domains\administration\audit-logs\service\audit-logs.service.ts
FN:9,(anonymous_7)
FN:13,(anonymous_8)
FN:25,(anonymous_10)
FN:31,(anonymous_12)
FN:39,(anonymous_14)
FN:45,(anonymous_16)
FNF:6
FNH:1
FNDA:8,(anonymous_7)
FNDA:0,(anonymous_8)
FNDA:0,(anonymous_10)
FNDA:0,(anonymous_12)
FNDA:0,(anonymous_14)
FNDA:0,(anonymous_16)
DA:1,8
DA:2,8
DA:4,8
DA:5,8
DA:8,8
DA:9,8
DA:10,8
DA:14,0
DA:22,0
DA:26,0
DA:27,0
DA:28,0
DA:32,0
DA:33,0
DA:40,0
DA:41,0
DA:42,0
DA:46,0
DA:47,0
DA:48,0
LF:20
LH:7
BRDA:9,0,0,8
BRDA:19,1,0,0
BRDA:19,1,1,0
BRDA:27,2,0,0
BRDA:41,3,0,0
BRDA:47,4,0,0
BRF:6
BRH:1
end_of_record
TN:
SF:apps\api\src\domains\administration\audit-logs\validation\audit-logs.validation.ts
FNF:0
FNH:0
DA:1,8
DA:3,8
DA:10,8
LF:3
LH:3
BRF:0
BRH:0
end_of_record
TN:
SF:apps\api\src\domains\administration\feature-flags\controller\feature-flags.controller.ts
FN:6,(anonymous_7)
FN:10,(anonymous_8)
FN:10,(anonymous_9)
FN:26,(anonymous_10)
FN:26,(anonymous_11)
FN:36,(anonymous_12)
FN:36,(anonymous_13)
FN:47,(anonymous_14)
FN:47,(anonymous_15)
FN:58,(anonymous_16)
FN:58,(anonymous_17)
FNF:11
FNH:1
FNDA:8,(anonymous_7)
FNDA:0,(anonymous_8)
FNDA:0,(anonymous_9)
FNDA:0,(anonymous_10)
FNDA:0,(anonymous_11)
FNDA:0,(anonymous_12)
FNDA:0,(anonymous_13)
FNDA:0,(anonymous_14)
FNDA:0,(anonymous_15)
FNDA:0,(anonymous_16)
FNDA:0,(anonymous_17)
DA:2,8
DA:3,8
DA:5,8
DA:6,8
DA:7,8
DA:10,8
DA:11,0
DA:12,0
DA:13,0
DA:14,0
DA:15,0
DA:22,0
DA:26,8
DA:27,0
DA:28,0
DA:29,0
DA:30,0
DA:32,0
DA:36,8
DA:37,0
DA:38,0
DA:39,0
DA:40,0
DA:41,0
DA:43,0
DA:47,8
DA:48,0
DA:49,0
DA:50,0
DA:51,0
DA:52,0
DA:54,0
DA:58,8
DA:59,0
DA:60,0
DA:61,0
DA:62,0
DA:63,0
DA:65,0
LF:39
LH:10
BRDA:6,0,0,8
BRF:1
BRH:1
end_of_record
TN:
SF:apps\api\src\domains\administration\feature-flags\mapper\feature-flags.mapper.ts
FN:5,(anonymous_0)
FNF:1
FNH:0
FNDA:0,(anonymous_0)
DA:4,8
DA:6,0
LF:2
LH:1
BRF:0
BRH:0
end_of_record
TN:
SF:apps\api\src\domains\administration\feature-flags\model\feature-flags.model.ts
FNF:0
FNH:0
DA:1,8
DA:2,8
DA:11,8
DA:22,8
LF:4
LH:4
BRF:0
BRH:0
end_of_record
TN:
SF:apps\api\src\domains\administration\feature-flags\permissions\feature-flags.permissions.ts
FNF:0
FNH:0
DA:1,8
LF:1
LH:1
BRF:0
BRH:0
end_of_record
TN:
SF:apps\api\src\domains\administration\feature-flags\repository\feature-flags.repository.ts
FN:7,(anonymous_0)
FNF:1
FNH:1
FNDA:8,(anonymous_0)
DA:1,8
DA:2,8
DA:6,8
DA:8,8
LF:4
LH:4
BRF:0
BRH:0
end_of_record
TN:
SF:apps\api\src\domains\administration\feature-flags\routes\feature-flags.routes.ts
FNF:0
FNH:0
DA:1,8
DA:2,8
DA:3,8
DA:4,8
DA:5,8
DA:6,8
DA:8,8
DA:9,8
DA:11,8
DA:12,8
DA:13,8
DA:14,8
DA:15,8
DA:17,8
LF:14
LH:14
BRF:0
BRH:0
end_of_record
TN:
SF:apps\api\src\domains\administration\feature-flags\routes\index.ts
FNF:0
FNH:0
DA:1,8
LF:1
LH:1
BRF:0
BRH:0
end_of_record
TN:
SF:apps\api\src\domains\administration\feature-flags\service\feature-flags.service.ts
FN:9,(anonymous_7)
FN:13,(anonymous_8)
FN:25,(anonymous_10)
FN:31,(anonymous_12)
FN:39,(anonymous_14)
FN:45,(anonymous_16)
FNF:6
FNH:1
FNDA:8,(anonymous_7)
FNDA:0,(anonymous_8)
FNDA:0,(anonymous_10)
FNDA:0,(anonymous_12)
FNDA:0,(anonymous_14)
FNDA:0,(anonymous_16)
DA:1,8
DA:2,8
DA:4,8
DA:5,8
DA:8,8
DA:9,8
DA:10,8
DA:14,0
DA:22,0
DA:26,0
DA:27,0
DA:28,0
DA:32,0
DA:33,0
DA:40,0
DA:41,0
DA:42,0
DA:46,0
DA:47,0
DA:48,0
LF:20
LH:7
BRDA:9,0,0,8
BRDA:19,1,0,0
BRDA:19,1,1,0
BRDA:27,2,0,0
BRDA:41,3,0,0
BRDA:47,4,0,0
BRF:6
BRH:1
end_of_record
TN:
SF:apps\api\src\domains\administration\feature-flags\validation\feature-flags.validation.ts
FNF:0
FNH:0
DA:1,8
DA:3,8
DA:10,8
LF:3
LH:3
BRF:0
BRH:0
end_of_record
TN:
SF:apps\api\src\domains\administration\permissions\controller\permissions.controller.ts
FN:6,(anonymous_7)
FN:10,(anonymous_8)
FN:10,(anonymous_9)
FN:26,(anonymous_10)
FN:26,(anonymous_11)
FN:36,(anonymous_12)
FN:36,(anonymous_13)
FN:47,(anonymous_14)
FN:47,(anonymous_15)
FN:58,(anonymous_16)
FN:58,(anonymous_17)
FNF:11
FNH:1
FNDA:8,(anonymous_7)
FNDA:0,(anonymous_8)
FNDA:0,(anonymous_9)
FNDA:0,(anonymous_10)
FNDA:0,(anonymous_11)
FNDA:0,(anonymous_12)
FNDA:0,(anonymous_13)
FNDA:0,(anonymous_14)
FNDA:0,(anonymous_15)
FNDA:0,(anonymous_16)
FNDA:0,(anonymous_17)
DA:2,8
DA:3,8
DA:5,8
DA:6,8
DA:7,8
DA:10,8
DA:11,0
DA:12,0
DA:13,0
DA:14,0
DA:15,0
DA:22,0
DA:26,8
DA:27,0
DA:28,0
DA:29,0
DA:30,0
DA:32,0
DA:36,8
DA:37,0
DA:38,0
DA:39,0
DA:40,0
DA:41,0
DA:43,0
DA:47,8
DA:48,0
DA:49,0
DA:50,0
DA:51,0
DA:52,0
DA:54,0
DA:58,8
DA:59,0
DA:60,0
DA:61,0
DA:62,0
DA:63,0
DA:65,0
LF:39
LH:10
BRDA:6,0,0,8
BRF:1
BRH:1
end_of_record
TN:
SF:apps\api\src\domains\administration\permissions\mapper\permissions.mapper.ts
FN:5,(anonymous_0)
FNF:1
FNH:0
FNDA:0,(anonymous_0)
DA:4,8
DA:6,0
LF:2
LH:1
BRF:0
BRH:0
end_of_record
TN:
SF:apps\api\src\domains\administration\permissions\model\permissions.model.ts
FNF:0
FNH:0
DA:1,8
DA:2,8
DA:11,8
DA:22,8
LF:4
LH:4
BRF:0
BRH:0
end_of_record
TN:
SF:apps\api\src\domains\administration\permissions\permissions\permissions.permissions.ts
FNF:0
FNH:0
DA:1,8
LF:1
LH:1
BRF:0
BRH:0
end_of_record
TN:
SF:apps\api\src\domains\administration\permissions\repository\permissions.repository.ts
FN:7,(anonymous_0)
FNF:1
FNH:1
FNDA:8,(anonymous_0)
DA:1,8
DA:2,8
DA:6,8
DA:8,8
LF:4
LH:4
BRF:0
BRH:0
end_of_record
TN:
SF:apps\api\src\domains\administration\permissions\routes\index.ts
FNF:0
FNH:0
DA:1,8
LF:1
LH:1
BRF:0
BRH:0
end_of_record
TN:
SF:apps\api\src\domains\administration\permissions\routes\permissions.routes.ts
FNF:0
FNH:0
DA:1,8
DA:2,8
DA:3,8
DA:4,8
DA:5,8
DA:6,8
DA:8,8
DA:9,8
DA:11,8
DA:12,8
DA:13,8
DA:14,8
DA:15,8
DA:17,8
LF:14
LH:14
BRF:0
BRH:0
end_of_record
TN:
SF:apps\api\src\domains\administration\permissions\service\permissions.service.ts
FN:9,(anonymous_7)
FN:13,(anonymous_8)
FN:25,(anonymous_10)
FN:31,(anonymous_12)
FN:39,(anonymous_14)
FN:45,(anonymous_16)
FNF:6
FNH:1
FNDA:8,(anonymous_7)
FNDA:0,(anonymous_8)
FNDA:0,(anonymous_10)
FNDA:0,(anonymous_12)
FNDA:0,(anonymous_14)
FNDA:0,(anonymous_16)
DA:1,8
DA:2,8
DA:4,8
DA:5,8
DA:8,8
DA:9,8
DA:10,8
DA:14,0
DA:22,0
DA:26,0
DA:27,0
DA:28,0
DA:32,0
DA:33,0
DA:40,0
DA:41,0
DA:42,0
DA:46,0
DA:47,0
DA:48,0
LF:20
LH:7
BRDA:9,0,0,8
BRDA:19,1,0,0
BRDA:19,1,1,0
BRDA:27,2,0,0
BRDA:41,3,0,0
BRDA:47,4,0,0
BRF:6
BRH:1
end_of_record
TN:
SF:apps\api\src\domains\administration\permissions\validation\permissions.validation.ts
FNF:0
FNH:0
DA:1,8
DA:3,8
DA:10,8
LF:3
LH:3
BRF:0
BRH:0
end_of_record
TN:
SF:apps\api\src\domains\administration\roles\controller\roles.controller.ts
FN:6,(anonymous_7)
FN:10,(anonymous_8)
FN:10,(anonymous_9)
FN:26,(anonymous_10)
FN:26,(anonymous_11)
FN:36,(anonymous_12)
FN:36,(anonymous_13)
FN:47,(anonymous_14)
FN:47,(anonymous_15)
FN:58,(anonymous_16)
FN:58,(anonymous_17)
FNF:11
FNH:3
FNDA:8,(anonymous_7)
FNDA:1,(anonymous_8)
FNDA:1,(anonymous_9)
FNDA:0,(anonymous_10)
FNDA:0,(anonymous_11)
FNDA:0,(anonymous_12)
FNDA:0,(anonymous_13)
FNDA:0,(anonymous_14)
FNDA:0,(anonymous_15)
FNDA:0,(anonymous_16)
FNDA:0,(anonymous_17)
DA:2,8
DA:3,8
DA:5,8
DA:6,8
DA:7,8
DA:10,8
DA:11,1
DA:12,1
DA:13,1
DA:14,1
DA:15,1
DA:22,0
DA:26,8
DA:27,0
DA:28,0
DA:29,0
DA:30,0
DA:32,0
DA:36,8
DA:37,0
DA:38,0
DA:39,0
DA:40,0
DA:41,0
DA:43,0
DA:47,8
DA:48,0
DA:49,0
DA:50,0
DA:51,0
DA:52,0
DA:54,0
DA:58,8
DA:59,0
DA:60,0
DA:61,0
DA:62,0
DA:63,0
DA:65,0
LF:39
LH:15
BRDA:6,0,0,8
BRF:1
BRH:1
end_of_record
TN:
SF:apps\api\src\domains\administration\roles\mapper\roles.mapper.ts
FN:5,(anonymous_0)
FNF:1
FNH:0
FNDA:0,(anonymous_0)
DA:4,8
DA:6,0
LF:2
LH:1
BRF:0
BRH:0
end_of_record
TN:
SF:apps\api\src\domains\administration\roles\model\roles.model.ts
FNF:0
FNH:0
DA:1,8
DA:2,8
DA:11,8
DA:22,8
LF:4
LH:4
BRF:0
BRH:0
end_of_record
TN:
SF:apps\api\src\domains\administration\roles\permissions\roles.permissions.ts
FNF:0
FNH:0
DA:1,8
LF:1
LH:1
BRF:0
BRH:0
end_of_record
TN:
SF:apps\api\src\domains\administration\roles\repository\roles.repository.ts
FN:7,(anonymous_0)
FNF:1
FNH:1
FNDA:8,(anonymous_0)
DA:1,8
DA:2,8
DA:6,8
DA:8,8
LF:4
LH:4
BRF:0
BRH:0
end_of_record
TN:
SF:apps\api\src\domains\administration\roles\routes\index.ts
FNF:0
FNH:0
DA:1,8
LF:1
LH:1
BRF:0
BRH:0
end_of_record
TN:
SF:apps\api\src\domains\administration\roles\routes\roles.routes.ts
FNF:0
FNH:0
DA:1,8
DA:2,8
DA:3,8
DA:4,8
DA:5,8
DA:6,8
DA:8,8
DA:9,8
DA:11,8
DA:12,8
DA:13,8
DA:14,8
DA:15,8
DA:17,8
LF:14
LH:14
BRF:0
BRH:0
end_of_record
TN:
SF:apps\api\src\domains\administration\roles\service\roles.service.ts
FN:9,(anonymous_7)
FN:13,(anonymous_8)
FN:25,(anonymous_10)
FN:31,(anonymous_12)
FN:39,(anonymous_14)
FN:45,(anonymous_16)
FNF:6
FNH:2
FNDA:8,(anonymous_7)
FNDA:0,(anonymous_8)
FNDA:0,(anonymous_10)
FNDA:1,(anonymous_12)
FNDA:0,(anonymous_14)
FNDA:0,(anonymous_16)
DA:1,8
DA:2,8
DA:4,8
DA:5,8
DA:8,8
DA:9,8
DA:10,8
DA:14,0
DA:22,0
DA:26,0
DA:27,0
DA:28,0
DA:32,1
DA:33,1
DA:40,0
DA:41,0
DA:42,0
DA:46,0
DA:47,0
DA:48,0
LF:20
LH:9
BRDA:9,0,0,8
BRDA:19,1,0,0
BRDA:19,1,1,0
BRDA:27,2,0,0
BRDA:41,3,0,0
BRDA:47,4,0,0
BRF:6
BRH:1
end_of_record
TN:
SF:apps\api\src\domains\administration\roles\validation\roles.validation.ts
FNF:0
FNH:0
DA:1,8
DA:3,8
DA:10,8
LF:3
LH:3
BRF:0
BRH:0
end_of_record
TN:
SF:apps\api\src\domains\administration\settings\controller\settings.controller.ts
FN:6,(anonymous_7)
FN:10,(anonymous_8)
FN:10,(anonymous_9)
FN:26,(anonymous_10)
FN:26,(anonymous_11)
FN:36,(anonymous_12)
FN:36,(anonymous_13)
FN:47,(anonymous_14)
FN:47,(anonymous_15)
FN:58,(anonymous_16)
FN:58,(anonymous_17)
FNF:11
FNH:1
FNDA:8,(anonymous_7)
FNDA:0,(anonymous_8)
FNDA:0,(anonymous_9)
FNDA:0,(anonymous_10)
FNDA:0,(anonymous_11)
FNDA:0,(anonymous_12)
FNDA:0,(anonymous_13)
FNDA:0,(anonymous_14)
FNDA:0,(anonymous_15)
FNDA:0,(anonymous_16)
FNDA:0,(anonymous_17)
DA:2,8
DA:3,8
DA:5,8
DA:6,8
DA:7,8
DA:10,8
DA:11,0
DA:12,0
DA:13,0
DA:14,0
DA:15,0
DA:22,0
DA:26,8
DA:27,0
DA:28,0
DA:29,0
DA:30,0
DA:32,0
DA:36,8
DA:37,0
DA:38,0
DA:39,0
DA:40,0
DA:41,0
DA:43,0
DA:47,8
DA:48,0
DA:49,0
DA:50,0
DA:51,0
DA:52,0
DA:54,0
DA:58,8
DA:59,0
DA:60,0
DA:61,0
DA:62,0
DA:63,0
DA:65,0
LF:39
LH:10
BRDA:6,0,0,8
BRF:1
BRH:1
end_of_record
TN:
SF:apps\api\src\domains\administration\settings\mapper\settings.mapper.ts
FN:5,(anonymous_0)
FNF:1
FNH:0
FNDA:0,(anonymous_0)
DA:4,8
DA:6,0
LF:2
LH:1
BRF:0
BRH:0
end_of_record
TN:
SF:apps\api\src\domains\administration\settings\model\settings.model.ts
FNF:0
FNH:0
DA:1,8
DA:2,8
DA:11,8
DA:22,8
LF:4
LH:4
BRF:0
BRH:0
end_of_record
TN:
SF:apps\api\src\domains\administration\settings\permissions\settings.permissions.ts
FNF:0
FNH:0
DA:1,8
LF:1
LH:1
BRF:0
BRH:0
end_of_record
TN:
SF:apps\api\src\domains\administration\settings\repository\settings.repository.ts
FN:7,(anonymous_0)
FNF:1
FNH:1
FNDA:8,(anonymous_0)
DA:1,8
DA:2,8
DA:6,8
DA:8,8
LF:4
LH:4
BRF:0
BRH:0
end_of_record
TN:
SF:apps\api\src\domains\administration\settings\routes\index.ts
FNF:0
FNH:0
DA:1,8
LF:1
LH:1
BRF:0
BRH:0
end_of_record
TN:
SF:apps\api\src\domains\administration\settings\routes\settings.routes.ts
FNF:0
FNH:0
DA:1,8
DA:2,8
DA:3,8
DA:4,8
DA:5,8
DA:6,8
DA:8,8
DA:9,8
DA:11,8
DA:12,8
DA:13,8
DA:14,8
DA:15,8
DA:17,8
LF:14
LH:14
BRF:0
BRH:0
end_of_record
TN:
SF:apps\api\src\domains\administration\settings\service\settings.service.ts
FN:9,(anonymous_7)
FN:13,(anonymous_8)
FN:25,(anonymous_10)
FN:31,(anonymous_12)
FN:39,(anonymous_14)
FN:45,(anonymous_16)
FNF:6
FNH:1
FNDA:8,(anonymous_7)
FNDA:0,(anonymous_8)
FNDA:0,(anonymous_10)
FNDA:0,(anonymous_12)
FNDA:0,(anonymous_14)
FNDA:0,(anonymous_16)
DA:1,8
DA:2,8
DA:4,8
DA:5,8
DA:8,8
DA:9,8
DA:10,8
DA:14,0
DA:22,0
DA:26,0
DA:27,0
DA:28,0
DA:32,0
DA:33,0
DA:40,0
DA:41,0
DA:42,0
DA:46,0
DA:47,0
DA:48,0
LF:20
LH:7
BRDA:9,0,0,8
BRDA:19,1,0,0
BRDA:19,1,1,0
BRDA:27,2,0,0
BRDA:41,3,0,0
BRDA:47,4,0,0
BRF:6
BRH:1
end_of_record
TN:
SF:apps\api\src\domains\administration\settings\validation\settings.validation.ts
FNF:0
FNH:0
DA:1,8
DA:3,8
DA:10,8
LF:3
LH:3
BRF:0
BRH:0
end_of_record
TN:
SF:apps\api\src\domains\administration\users\controller\users.controller.ts
FN:6,(anonymous_7)
FN:10,(anonymous_8)
FN:10,(anonymous_9)
FN:26,(anonymous_10)
FN:26,(anonymous_11)
FN:36,(anonymous_12)
FN:36,(anonymous_13)
FN:47,(anonymous_14)
FN:47,(anonymous_15)
FN:58,(anonymous_16)
FN:58,(anonymous_17)
FNF:11
FNH:3
FNDA:8,(anonymous_7)
FNDA:1,(anonymous_8)
FNDA:1,(anonymous_9)
FNDA:0,(anonymous_10)
FNDA:0,(anonymous_11)
FNDA:0,(anonymous_12)
FNDA:0,(anonymous_13)
FNDA:0,(anonymous_14)
FNDA:0,(anonymous_15)
FNDA:0,(anonymous_16)
FNDA:0,(anonymous_17)
DA:2,8
DA:3,8
DA:5,8
DA:6,8
DA:7,8
DA:10,8
DA:11,1
DA:12,1
DA:13,1
DA:14,1
DA:15,1
DA:22,0
DA:26,8
DA:27,0
DA:28,0
DA:29,0
DA:30,0
DA:32,0
DA:36,8
DA:37,0
DA:38,0
DA:39,0
DA:40,0
DA:41,0
DA:43,0
DA:47,8
DA:48,0
DA:49,0
DA:50,0
DA:51,0
DA:52,0
DA:54,0
DA:58,8
DA:59,0
DA:60,0
DA:61,0
DA:62,0
DA:63,0
DA:65,0
LF:39
LH:15
BRDA:6,0,0,8
BRF:1
BRH:1
end_of_record
TN:
SF:apps\api\src\domains\administration\users\mapper\users.mapper.ts
FN:5,(anonymous_0)
FNF:1
FNH:0
FNDA:0,(anonymous_0)
DA:4,8
DA:6,0
LF:2
LH:1
BRF:0
BRH:0
end_of_record
TN:
SF:apps\api\src\domains\administration\users\model\users.model.ts
FNF:0
FNH:0
DA:1,8
DA:2,8
DA:18,8
DA:46,8
LF:4
LH:4
BRF:0
BRH:0
end_of_record
TN:
SF:apps\api\src\domains\administration\users\permissions\users.permissions.ts
FNF:0
FNH:0
DA:1,8
LF:1
LH:1
BRF:0
BRH:0
end_of_record
TN:
SF:apps\api\src\domains\administration\users\repository\users.repository.ts
FN:7,(anonymous_0)
FNF:1
FNH:1
FNDA:8,(anonymous_0)
DA:1,8
DA:2,8
DA:6,8
DA:8,8
LF:4
LH:4
BRF:0
BRH:0
end_of_record
TN:
SF:apps\api\src\domains\administration\users\routes\index.ts
FNF:0
FNH:0
DA:1,8
LF:1
LH:1
BRF:0
BRH:0
end_of_record
TN:
SF:apps\api\src\domains\administration\users\routes\users.routes.ts
FNF:0
FNH:0
DA:1,8
DA:2,8
DA:3,8
DA:4,8
DA:5,8
DA:6,8
DA:8,8
DA:9,8
DA:11,8
DA:12,8
DA:13,8
DA:14,8
DA:15,8
DA:17,8
LF:14
LH:14
BRF:0
BRH:0
end_of_record
TN:
SF:apps\api\src\domains\administration\users\service\users.service.ts
FN:9,(anonymous_7)
FN:13,(anonymous_8)
FN:31,(anonymous_10)
FN:37,(anonymous_12)
FN:45,(anonymous_14)
FN:51,(anonymous_16)
FNF:6
FNH:2
FNDA:8,(anonymous_7)
FNDA:0,(anonymous_8)
FNDA:0,(anonymous_10)
FNDA:1,(anonymous_12)
FNDA:0,(anonymous_14)
FNDA:0,(anonymous_16)
DA:1,8
DA:2,8
DA:4,8
DA:5,8
DA:8,8
DA:9,8
DA:10,8
DA:14,0
DA:28,0
DA:32,0
DA:33,0
DA:34,0
DA:38,1
DA:39,1
DA:46,0
DA:47,0
DA:48,0
DA:52,0
DA:53,0
DA:54,0
LF:20
LH:9
BRDA:9,0,0,8
BRDA:16,1,0,0
BRDA:16,1,1,0
BRDA:17,2,0,0
BRDA:17,2,1,0
BRDA:18,3,0,0
BRDA:18,3,1,0
BRDA:19,4,0,0
BRDA:19,4,1,0
BRDA:20,5,0,0
BRDA:20,5,1,0
BRDA:21,6,0,0
BRDA:21,6,1,0
BRDA:22,7,0,0
BRDA:22,7,1,0
BRDA:24,8,0,0
BRDA:24,8,1,0
BRDA:33,9,0,0
BRDA:47,10,0,0
BRDA:53,11,0,0
BRF:20
BRH:1
end_of_record
TN:
SF:apps\api\src\domains\administration\users\validation\users.validation.ts
FNF:0
FNH:0
DA:1,8
DA:3,8
DA:10,8
LF:3
LH:3
BRF:0
BRH:0
end_of_record
TN:
SF:apps\api\src\domains\analytics\routes.ts
FNF:0
FNH:0
DA:1,8
DA:2,8
DA:3,8
DA:4,8
DA:5,8
DA:6,8
DA:8,8
DA:10,8
DA:11,8
DA:12,8
DA:13,8
DA:14,8
DA:16,8
LF:13
LH:13
BRF:0
BRH:0
end_of_record
TN:
SF:apps\api\src\domains\analytics\attendance-analytics\controller\attendance-analytics.controller.ts
FN:6,(anonymous_7)
FN:10,(anonymous_8)
FN:10,(anonymous_9)
FN:26,(anonymous_10)
FN:26,(anonymous_11)
FN:36,(anonymous_12)
FN:36,(anonymous_13)
FN:47,(anonymous_14)
FN:47,(anonymous_15)
FN:58,(anonymous_16)
FN:58,(anonymous_17)
FNF:11
FNH:1
FNDA:8,(anonymous_7)
FNDA:0,(anonymous_8)
FNDA:0,(anonymous_9)
FNDA:0,(anonymous_10)
FNDA:0,(anonymous_11)
FNDA:0,(anonymous_12)
FNDA:0,(anonymous_13)
FNDA:0,(anonymous_14)
FNDA:0,(anonymous_15)
FNDA:0,(anonymous_16)
FNDA:0,(anonymous_17)
DA:2,8
DA:3,8
DA:5,8
DA:6,8
DA:7,8
DA:10,8
DA:11,0
DA:12,0
DA:13,0
DA:14,0
DA:15,0
DA:22,0
DA:26,8
DA:27,0
DA:28,0
DA:29,0
DA:30,0
DA:32,0
DA:36,8
DA:37,0
DA:38,0
DA:39,0
DA:40,0
DA:41,0
DA:43,0
DA:47,8
DA:48,0
DA:49,0
DA:50,0
DA:51,0
DA:52,0
DA:54,0
DA:58,8
DA:59,0
DA:60,0
DA:61,0
DA:62,0
DA:63,0
DA:65,0
LF:39
LH:10
BRDA:6,0,0,8
BRF:1
BRH:1
end_of_record
TN:
SF:apps\api\src\domains\analytics\attendance-analytics\mapper\attendance-analytics.mapper.ts
FN:5,(anonymous_0)
FNF:1
FNH:0
FNDA:0,(anonymous_0)
DA:4,8
DA:6,0
LF:2
LH:1
BRF:0
BRH:0
end_of_record
TN:
SF:apps\api\src\domains\analytics\attendance-analytics\model\attendance-analytics.model.ts
FNF:0
FNH:0
DA:1,8
DA:2,8
DA:11,8
DA:22,8
LF:4
LH:4
BRF:0
BRH:0
end_of_record
TN:
SF:apps\api\src\domains\analytics\attendance-analytics\permissions\attendance-analytics.permissions.ts
FNF:0
FNH:0
DA:1,8
LF:1
LH:1
BRF:0
BRH:0
end_of_record
TN:
SF:apps\api\src\domains\analytics\attendance-analytics\repository\attendance-analytics.repository.ts
FN:7,(anonymous_0)
FNF:1
FNH:1
FNDA:8,(anonymous_0)
DA:1,8
DA:2,8
DA:6,8
DA:8,8
LF:4
LH:4
BRF:0
BRH:0
end_of_record
TN:
SF:apps\api\src\domains\analytics\attendance-analytics\routes\attendance-analytics.routes.ts
FNF:0
FNH:0
DA:1,8
DA:2,8
DA:3,8
DA:4,8
DA:5,8
DA:6,8
DA:8,8
DA:9,8
DA:11,8
DA:12,8
DA:13,8
DA:14,8
DA:15,8
DA:17,8
LF:14
LH:14
BRF:0
BRH:0
end_of_record
TN:
SF:apps\api\src\domains\analytics\attendance-analytics\routes\index.ts
FNF:0
FNH:0
DA:1,8
LF:1
LH:1
BRF:0
BRH:0
end_of_record
TN:
SF:apps\api\src\domains\analytics\attendance-analytics\service\attendance-analytics.service.ts
FN:9,(anonymous_7)
FN:13,(anonymous_8)
FN:25,(anonymous_10)
FN:31,(anonymous_12)
FN:39,(anonymous_14)
FN:45,(anonymous_16)
FNF:6
FNH:1
FNDA:8,(anonymous_7)
FNDA:0,(anonymous_8)
FNDA:0,(anonymous_10)
FNDA:0,(anonymous_12)
FNDA:0,(anonymous_14)
FNDA:0,(anonymous_16)
DA:1,8
DA:2,8
DA:4,8
DA:5,8
DA:8,8
DA:9,8
DA:10,8
DA:14,0
DA:22,0
DA:26,0
DA:27,0
DA:28,0
DA:32,0
DA:33,0
DA:40,0
DA:41,0
DA:42,0
DA:46,0
DA:47,0
DA:48,0
LF:20
LH:7
BRDA:9,0,0,8
BRDA:19,1,0,0
BRDA:19,1,1,0
BRDA:27,2,0,0
BRDA:41,3,0,0
BRDA:47,4,0,0
BRF:6
BRH:1
end_of_record
TN:
SF:apps\api\src\domains\analytics\attendance-analytics\validation\attendance-analytics.validation.ts
FNF:0
FNH:0
DA:1,8
DA:3,8
DA:10,8
LF:3
LH:3
BRF:0
BRH:0
end_of_record
TN:
SF:apps\api\src\domains\analytics\growth-analytics\controller\growth-analytics.controller.ts
FN:6,(anonymous_7)
FN:10,(anonymous_8)
FN:10,(anonymous_9)
FN:26,(anonymous_10)
FN:26,(anonymous_11)
FN:36,(anonymous_12)
FN:36,(anonymous_13)
FN:47,(anonymous_14)
FN:47,(anonymous_15)
FN:58,(anonymous_16)
FN:58,(anonymous_17)
FNF:11
FNH:1
FNDA:8,(anonymous_7)
FNDA:0,(anonymous_8)
FNDA:0,(anonymous_9)
FNDA:0,(anonymous_10)
FNDA:0,(anonymous_11)
FNDA:0,(anonymous_12)
FNDA:0,(anonymous_13)
FNDA:0,(anonymous_14)
FNDA:0,(anonymous_15)
FNDA:0,(anonymous_16)
FNDA:0,(anonymous_17)
DA:2,8
DA:3,8
DA:5,8
DA:6,8
DA:7,8
DA:10,8
DA:11,0
DA:12,0
DA:13,0
DA:14,0
DA:15,0
DA:22,0
DA:26,8
DA:27,0
DA:28,0
DA:29,0
DA:30,0
DA:32,0
DA:36,8
DA:37,0
DA:38,0
DA:39,0
DA:40,0
DA:41,0
DA:43,0
DA:47,8
DA:48,0
DA:49,0
DA:50,0
DA:51,0
DA:52,0
DA:54,0
DA:58,8
DA:59,0
DA:60,0
DA:61,0
DA:62,0
DA:63,0
DA:65,0
LF:39
LH:10
BRDA:6,0,0,8
BRF:1
BRH:1
end_of_record
TN:
SF:apps\api\src\domains\analytics\growth-analytics\mapper\growth-analytics.mapper.ts
FN:5,(anonymous_0)
FNF:1
FNH:0
FNDA:0,(anonymous_0)
DA:4,8
DA:6,0
LF:2
LH:1
BRF:0
BRH:0
end_of_record
TN:
SF:apps\api\src\domains\analytics\growth-analytics\model\growth-analytics.model.ts
FNF:0
FNH:0
DA:1,8
DA:2,8
DA:11,8
DA:22,8
LF:4
LH:4
BRF:0
BRH:0
end_of_record
TN:
SF:apps\api\src\domains\analytics\growth-analytics\permissions\growth-analytics.permissions.ts
FNF:0
FNH:0
DA:1,8
LF:1
LH:1
BRF:0
BRH:0
end_of_record
TN:
SF:apps\api\src\domains\analytics\growth-analytics\repository\growth-analytics.repository.ts
FN:7,(anonymous_0)
FNF:1
FNH:1
FNDA:8,(anonymous_0)
DA:1,8
DA:2,8
DA:6,8
DA:8,8
LF:4
LH:4
BRF:0
BRH:0
end_of_record
TN:
SF:apps\api\src\domains\analytics\growth-analytics\routes\growth-analytics.routes.ts
FNF:0
FNH:0
DA:1,8
DA:2,8
DA:3,8
DA:4,8
DA:5,8
DA:6,8
DA:8,8
DA:9,8
DA:11,8
DA:12,8
DA:13,8
DA:14,8
DA:15,8
DA:17,8
LF:14
LH:14
BRF:0
BRH:0
end_of_record
TN:
SF:apps\api\src\domains\analytics\growth-analytics\routes\index.ts
FNF:0
FNH:0
DA:1,8
LF:1
LH:1
BRF:0
BRH:0
end_of_record
TN:
SF:apps\api\src\domains\analytics\growth-analytics\service\growth-analytics.service.ts
FN:9,(anonymous_7)
FN:13,(anonymous_8)
FN:25,(anonymous_10)
FN:31,(anonymous_12)
FN:39,(anonymous_14)
FN:45,(anonymous_16)
FNF:6
FNH:1
FNDA:8,(anonymous_7)
FNDA:0,(anonymous_8)
FNDA:0,(anonymous_10)
FNDA:0,(anonymous_12)
FNDA:0,(anonymous_14)
FNDA:0,(anonymous_16)
DA:1,8
DA:2,8
DA:4,8
DA:5,8
DA:8,8
DA:9,8
DA:10,8
DA:14,0
DA:22,0
DA:26,0
DA:27,0
DA:28,0
DA:32,0
DA:33,0
DA:40,0
DA:41,0
DA:42,0
DA:46,0
DA:47,0
DA:48,0
LF:20
LH:7
BRDA:9,0,0,8
BRDA:19,1,0,0
BRDA:19,1,1,0
BRDA:27,2,0,0
BRDA:41,3,0,0
BRDA:47,4,0,0
BRF:6
BRH:1
end_of_record
TN:
SF:apps\api\src\domains\analytics\growth-analytics\validation\growth-analytics.validation.ts
FNF:0
FNH:0
DA:1,8
DA:3,8
DA:10,8
LF:3
LH:3
BRF:0
BRH:0
end_of_record
TN:
SF:apps\api\src\domains\analytics\member-analytics\controller\member-analytics.controller.ts
FN:6,(anonymous_7)
FN:10,(anonymous_8)
FN:10,(anonymous_9)
FN:26,(anonymous_10)
FN:26,(anonymous_11)
FN:36,(anonymous_12)
FN:36,(anonymous_13)
FN:47,(anonymous_14)
FN:47,(anonymous_15)
FN:58,(anonymous_16)
FN:58,(anonymous_17)
FNF:11
FNH:1
FNDA:8,(anonymous_7)
FNDA:0,(anonymous_8)
FNDA:0,(anonymous_9)
FNDA:0,(anonymous_10)
FNDA:0,(anonymous_11)
FNDA:0,(anonymous_12)
FNDA:0,(anonymous_13)
FNDA:0,(anonymous_14)
FNDA:0,(anonymous_15)
FNDA:0,(anonymous_16)
FNDA:0,(anonymous_17)
DA:2,8
DA:3,8
DA:5,8
DA:6,8
DA:7,8
DA:10,8
DA:11,0
DA:12,0
DA:13,0
DA:14,0
DA:15,0
DA:22,0
DA:26,8
DA:27,0
DA:28,0
DA:29,0
DA:30,0
DA:32,0
DA:36,8
DA:37,0
DA:38,0
DA:39,0
DA:40,0
DA:41,0
DA:43,0
DA:47,8
DA:48,0
DA:49,0
DA:50,0
DA:51,0
DA:52,0
DA:54,0
DA:58,8
DA:59,0
DA:60,0
DA:61,0
DA:62,0
DA:63,0
DA:65,0
LF:39
LH:10
BRDA:6,0,0,8
BRF:1
BRH:1
end_of_record
TN:
SF:apps\api\src\domains\analytics\member-analytics\mapper\member-analytics.mapper.ts
FN:5,(anonymous_0)
FNF:1
FNH:0
FNDA:0,(anonymous_0)
DA:4,8
DA:6,0
LF:2
LH:1
BRF:0
BRH:0
end_of_record
TN:
SF:apps\api\src\domains\analytics\member-analytics\model\member-analytics.model.ts
FNF:0
FNH:0
DA:1,8
DA:2,8
DA:11,8
DA:22,8
LF:4
LH:4
BRF:0
BRH:0
end_of_record
TN:
SF:apps\api\src\domains\analytics\member-analytics\permissions\member-analytics.permissions.ts
FNF:0
FNH:0
DA:1,8
LF:1
LH:1
BRF:0
BRH:0
end_of_record
TN:
SF:apps\api\src\domains\analytics\member-analytics\repository\member-analytics.repository.ts
FN:7,(anonymous_0)
FNF:1
FNH:1
FNDA:8,(anonymous_0)
DA:1,8
DA:2,8
DA:6,8
DA:8,8
LF:4
LH:4
BRF:0
BRH:0
end_of_record
TN:
SF:apps\api\src\domains\analytics\member-analytics\routes\index.ts
FNF:0
FNH:0
DA:1,8
LF:1
LH:1
BRF:0
BRH:0
end_of_record
TN:
SF:apps\api\src\domains\analytics\member-analytics\routes\member-analytics.routes.ts
FNF:0
FNH:0
DA:1,8
DA:2,8
DA:3,8
DA:4,8
DA:5,8
DA:6,8
DA:8,8
DA:9,8
DA:11,8
DA:12,8
DA:13,8
DA:14,8
DA:15,8
DA:17,8
LF:14
LH:14
BRF:0
BRH:0
end_of_record
TN:
SF:apps\api\src\domains\analytics\member-analytics\service\member-analytics.service.ts
FN:9,(anonymous_7)
FN:13,(anonymous_8)
FN:25,(anonymous_10)
FN:31,(anonymous_12)
FN:39,(anonymous_14)
FN:45,(anonymous_16)
FNF:6
FNH:1
FNDA:8,(anonymous_7)
FNDA:0,(anonymous_8)
FNDA:0,(anonymous_10)
FNDA:0,(anonymous_12)
FNDA:0,(anonymous_14)
FNDA:0,(anonymous_16)
DA:1,8
DA:2,8
DA:4,8
DA:5,8
DA:8,8
DA:9,8
DA:10,8
DA:14,0
DA:22,0
DA:26,0
DA:27,0
DA:28,0
DA:32,0
DA:33,0
DA:40,0
DA:41,0
DA:42,0
DA:46,0
DA:47,0
DA:48,0
LF:20
LH:7
BRDA:9,0,0,8
BRDA:19,1,0,0
BRDA:19,1,1,0
BRDA:27,2,0,0
BRDA:41,3,0,0
BRDA:47,4,0,0
BRF:6
BRH:1
end_of_record
TN:
SF:apps\api\src\domains\analytics\member-analytics\validation\member-analytics.validation.ts
FNF:0
FNH:0
DA:1,8
DA:3,8
DA:10,8
LF:3
LH:3
BRF:0
BRH:0
end_of_record
TN:
SF:apps\api\src\domains\analytics\revenue-analytics\controller\revenue-analytics.controller.ts
FN:6,(anonymous_7)
FN:10,(anonymous_8)
FN:10,(anonymous_9)
FN:26,(anonymous_10)
FN:26,(anonymous_11)
FN:36,(anonymous_12)
FN:36,(anonymous_13)
FN:47,(anonymous_14)
FN:47,(anonymous_15)
FN:58,(anonymous_16)
FN:58,(anonymous_17)
FNF:11
FNH:1
FNDA:8,(anonymous_7)
FNDA:0,(anonymous_8)
FNDA:0,(anonymous_9)
FNDA:0,(anonymous_10)
FNDA:0,(anonymous_11)
FNDA:0,(anonymous_12)
FNDA:0,(anonymous_13)
FNDA:0,(anonymous_14)
FNDA:0,(anonymous_15)
FNDA:0,(anonymous_16)
FNDA:0,(anonymous_17)
DA:2,8
DA:3,8
DA:5,8
DA:6,8
DA:7,8
DA:10,8
DA:11,0
DA:12,0
DA:13,0
DA:14,0
DA:15,0
DA:22,0
DA:26,8
DA:27,0
DA:28,0
DA:29,0
DA:30,0
DA:32,0
DA:36,8
DA:37,0
DA:38,0
DA:39,0
DA:40,0
DA:41,0
DA:43,0
DA:47,8
DA:48,0
DA:49,0
DA:50,0
DA:51,0
DA:52,0
DA:54,0
DA:58,8
DA:59,0
DA:60,0
DA:61,0
DA:62,0
DA:63,0
DA:65,0
LF:39
LH:10
BRDA:6,0,0,8
BRF:1
BRH:1
end_of_record
TN:
SF:apps\api\src\domains\analytics\revenue-analytics\mapper\revenue-analytics.mapper.ts
FN:5,(anonymous_0)
FNF:1
FNH:0
FNDA:0,(anonymous_0)
DA:4,8
DA:6,0
LF:2
LH:1
BRF:0
BRH:0
end_of_record
TN:
SF:apps\api\src\domains\analytics\revenue-analytics\model\revenue-analytics.model.ts
FNF:0
FNH:0
DA:1,8
DA:2,8
DA:11,8
DA:22,8
LF:4
LH:4
BRF:0
BRH:0
end_of_record
TN:
SF:apps\api\src\domains\analytics\revenue-analytics\permissions\revenue-analytics.permissions.ts
FNF:0
FNH:0
DA:1,8
LF:1
LH:1
BRF:0
BRH:0
end_of_record
TN:
SF:apps\api\src\domains\analytics\revenue-analytics\repository\revenue-analytics.repository.ts
FN:7,(anonymous_0)
FNF:1
FNH:1
FNDA:8,(anonymous_0)
DA:1,8
DA:2,8
DA:6,8
DA:8,8
LF:4
LH:4
BRF:0
BRH:0
end_of_record
TN:
SF:apps\api\src\domains\analytics\revenue-analytics\routes\index.ts
FNF:0
FNH:0
DA:1,8
LF:1
LH:1
BRF:0
BRH:0
end_of_record
TN:
SF:apps\api\src\domains\analytics\revenue-analytics\routes\revenue-analytics.routes.ts
FNF:0
FNH:0
DA:1,8
DA:2,8
DA:3,8
DA:4,8
DA:5,8
DA:6,8
DA:8,8
DA:9,8
DA:11,8
DA:12,8
DA:13,8
DA:14,8
DA:15,8
DA:17,8
LF:14
LH:14
BRF:0
BRH:0
end_of_record
TN:
SF:apps\api\src\domains\analytics\revenue-analytics\service\revenue-analytics.service.ts
FN:9,(anonymous_7)
FN:13,(anonymous_8)
FN:25,(anonymous_10)
FN:31,(anonymous_12)
FN:39,(anonymous_14)
FN:45,(anonymous_16)
FNF:6
FNH:1
FNDA:8,(anonymous_7)
FNDA:0,(anonymous_8)
FNDA:0,(anonymous_10)
FNDA:0,(anonymous_12)
FNDA:0,(anonymous_14)
FNDA:0,(anonymous_16)
DA:1,8
DA:2,8
DA:4,8
DA:5,8
DA:8,8
DA:9,8
DA:10,8
DA:14,0
DA:22,0
DA:26,0
DA:27,0
DA:28,0
DA:32,0
DA:33,0
DA:40,0
DA:41,0
DA:42,0
DA:46,0
DA:47,0
DA:48,0
LF:20
LH:7
BRDA:9,0,0,8
BRDA:19,1,0,0
BRDA:19,1,1,0
BRDA:27,2,0,0
BRDA:41,3,0,0
BRDA:47,4,0,0
BRF:6
BRH:1
end_of_record
TN:
SF:apps\api\src\domains\analytics\revenue-analytics\validation\revenue-analytics.validation.ts
FNF:0
FNH:0
DA:1,8
DA:3,8
DA:10,8
LF:3
LH:3
BRF:0
BRH:0
end_of_record
TN:
SF:apps\api\src\domains\analytics\trainer-analytics\controller\trainer-analytics.controller.ts
FN:6,(anonymous_7)
FN:10,(anonymous_8)
FN:10,(anonymous_9)
FN:26,(anonymous_10)
FN:26,(anonymous_11)
FN:36,(anonymous_12)
FN:36,(anonymous_13)
FN:47,(anonymous_14)
FN:47,(anonymous_15)
FN:58,(anonymous_16)
FN:58,(anonymous_17)
FNF:11
FNH:1
FNDA:8,(anonymous_7)
FNDA:0,(anonymous_8)
FNDA:0,(anonymous_9)
FNDA:0,(anonymous_10)
FNDA:0,(anonymous_11)
FNDA:0,(anonymous_12)
FNDA:0,(anonymous_13)
FNDA:0,(anonymous_14)
FNDA:0,(anonymous_15)
FNDA:0,(anonymous_16)
FNDA:0,(anonymous_17)
DA:2,8
DA:3,8
DA:5,8
DA:6,8
DA:7,8
DA:10,8
DA:11,0
DA:12,0
DA:13,0
DA:14,0
DA:15,0
DA:22,0
DA:26,8
DA:27,0
DA:28,0
DA:29,0
DA:30,0
DA:32,0
DA:36,8
DA:37,0
DA:38,0
DA:39,0
DA:40,0
DA:41,0
DA:43,0
DA:47,8
DA:48,0
DA:49,0
DA:50,0
DA:51,0
DA:52,0
DA:54,0
DA:58,8
DA:59,0
DA:60,0
DA:61,0
DA:62,0
DA:63,0
DA:65,0
LF:39
LH:10
BRDA:6,0,0,8
BRF:1
BRH:1
end_of_record
TN:
SF:apps\api\src\domains\analytics\trainer-analytics\mapper\trainer-analytics.mapper.ts
FN:5,(anonymous_0)
FNF:1
FNH:0
FNDA:0,(anonymous_0)
DA:4,8
DA:6,0
LF:2
LH:1
BRF:0
BRH:0
end_of_record
TN:
SF:apps\api\src\domains\analytics\trainer-analytics\model\trainer-analytics.model.ts
FNF:0
FNH:0
DA:1,8
DA:2,8
DA:11,8
DA:22,8
LF:4
LH:4
BRF:0
BRH:0
end_of_record
TN:
SF:apps\api\src\domains\analytics\trainer-analytics\permissions\trainer-analytics.permissions.ts
FNF:0
FNH:0
DA:1,8
LF:1
LH:1
BRF:0
BRH:0
end_of_record
TN:
SF:apps\api\src\domains\analytics\trainer-analytics\repository\trainer-analytics.repository.ts
FN:7,(anonymous_0)
FNF:1
FNH:1
FNDA:8,(anonymous_0)
DA:1,8
DA:2,8
DA:6,8
DA:8,8
LF:4
LH:4
BRF:0
BRH:0
end_of_record
TN:
SF:apps\api\src\domains\analytics\trainer-analytics\routes\index.ts
FNF:0
FNH:0
DA:1,8
LF:1
LH:1
BRF:0
BRH:0
end_of_record
TN:
SF:apps\api\src\domains\analytics\trainer-analytics\routes\trainer-analytics.routes.ts
FNF:0
FNH:0
DA:1,8
DA:2,8
DA:3,8
DA:4,8
DA:5,8
DA:6,8
DA:8,8
DA:9,8
DA:11,8
DA:12,8
DA:13,8
DA:14,8
DA:15,8
DA:17,8
LF:14
LH:14
BRF:0
BRH:0
end_of_record
TN:
SF:apps\api\src\domains\analytics\trainer-analytics\service\trainer-analytics.service.ts
FN:9,(anonymous_7)
FN:13,(anonymous_8)
FN:25,(anonymous_10)
FN:31,(anonymous_12)
FN:39,(anonymous_14)
FN:45,(anonymous_16)
FNF:6
FNH:1
FNDA:8,(anonymous_7)
FNDA:0,(anonymous_8)
FNDA:0,(anonymous_10)
FNDA:0,(anonymous_12)
FNDA:0,(anonymous_14)
FNDA:0,(anonymous_16)
DA:1,8
DA:2,8
DA:4,8
DA:5,8
DA:8,8
DA:9,8
DA:10,8
DA:14,0
DA:22,0
DA:26,0
DA:27,0
DA:28,0
DA:32,0
DA:33,0
DA:40,0
DA:41,0
DA:42,0
DA:46,0
DA:47,0
DA:48,0
LF:20
LH:7
BRDA:9,0,0,8
BRDA:19,1,0,0
BRDA:19,1,1,0
BRDA:27,2,0,0
BRDA:41,3,0,0
BRDA:47,4,0,0
BRF:6
BRH:1
end_of_record
TN:
SF:apps\api\src\domains\analytics\trainer-analytics\validation\trainer-analytics.validation.ts
FNF:0
FNH:0
DA:1,8
DA:3,8
DA:10,8
LF:3
LH:3
BRF:0
BRH:0
end_of_record
TN:
SF:apps\api\src\domains\auth\routes.ts
FNF:0
FNH:0
DA:1,8
DA:2,8
DA:3,8
DA:5,8
DA:6,8
DA:9,8
DA:10,8
DA:11,8
DA:14,8
LF:9
LH:9
BRF:0
BRH:0
end_of_record
TN:
SF:apps\api\src\domains\auth\controllers\auth.controller.ts
FN:5,(anonymous_7)
FN:8,(anonymous_8)
FN:8,(anonymous_9)
FN:23,(anonymous_10)
FN:23,(anonymous_11)
FN:31,(anonymous_12)
FN:31,(anonymous_13)
FN:40,(anonymous_14)
FN:40,(anonymous_15)
FNF:9
FNH:5
FNDA:8,(anonymous_7)
FNDA:1,(anonymous_8)
FNDA:1,(anonymous_9)
FNDA:0,(anonymous_10)
FNDA:0,(anonymous_11)
FNDA:0,(anonymous_12)
FNDA:0,(anonymous_13)
FNDA:1,(anonymous_14)
FNDA:1,(anonymous_15)
DA:2,8
DA:3,8
DA:5,8
DA:6,8
DA:8,8
DA:9,1
DA:10,1
DA:11,1
DA:12,1
DA:13,1
DA:16,0
DA:17,0
DA:19,0
DA:23,8
DA:24,0
DA:25,0
DA:27,0
DA:31,8
DA:32,0
DA:33,0
DA:34,0
DA:36,0
DA:40,8
DA:41,1
DA:42,1
DA:43,1
DA:44,1
DA:45,1
DA:47,0
DA:48,0
DA:50,0
LF:31
LH:18
BRDA:10,0,0,1
BRDA:10,0,1,0
BRDA:11,1,0,1
BRDA:11,2,0,1
BRDA:11,2,1,0
BRDA:19,3,0,0
BRDA:19,3,1,0
BRDA:19,4,0,0
BRDA:19,4,1,0
BRDA:42,5,0,1
BRDA:42,5,1,0
BRDA:43,6,0,1
BRF:12
BRH:5
end_of_record
TN:
SF:apps\api\src\domains\auth\services\auth.service.ts
FN:26,(anonymous_8)
FN:140,(anonymous_10)
FNF:2
FNH:0
FNDA:0,(anonymous_8)
FNDA:0,(anonymous_10)
DA:1,8
DA:2,8
DA:3,8
DA:4,8
DA:25,8
DA:27,0
DA:29,0
DA:31,0
DA:36,0
DA:37,0
DA:38,0
DA:39,0
DA:42,0
DA:54,0
DA:63,0
DA:64,0
DA:66,0
DA:76,0
DA:80,0
DA:116,0
DA:117,0
DA:118,0
DA:121,0
DA:130,0
DA:141,0
DA:142,0
DA:143,0
DA:151,0
DA:152,0
DA:154,0
LF:30
LH:5
BRDA:36,0,0,0
BRDA:38,1,0,0
BRDA:38,2,0,0
BRDA:38,2,1,0
BRDA:50,3,0,0
BRDA:50,3,1,0
BRDA:76,4,0,0
BRDA:117,5,0,0
BRF:8
BRH:0
end_of_record
TN:
SF:apps\api\src\domains\communication\routes.ts
FNF:0
FNH:0
DA:1,8
DA:2,8
DA:3,8
DA:4,8
DA:5,8
DA:6,8
DA:8,8
DA:10,8
DA:11,8
DA:12,8
DA:13,8
DA:14,8
DA:16,8
LF:13
LH:13
BRF:0
BRH:0
end_of_record
TN:
SF:apps\api\src\domains\communication\announcements\controller\announcements.controller.ts
FN:6,(anonymous_7)
FN:10,(anonymous_8)
FN:10,(anonymous_9)
FN:26,(anonymous_10)
FN:26,(anonymous_11)
FN:36,(anonymous_12)
FN:36,(anonymous_13)
FN:47,(anonymous_14)
FN:47,(anonymous_15)
FN:58,(anonymous_16)
FN:58,(anonymous_17)
FNF:11
FNH:1
FNDA:8,(anonymous_7)
FNDA:0,(anonymous_8)
FNDA:0,(anonymous_9)
FNDA:0,(anonymous_10)
FNDA:0,(anonymous_11)
FNDA:0,(anonymous_12)
FNDA:0,(anonymous_13)
FNDA:0,(anonymous_14)
FNDA:0,(anonymous_15)
FNDA:0,(anonymous_16)
FNDA:0,(anonymous_17)
DA:2,8
DA:3,8
DA:5,8
DA:6,8
DA:7,8
DA:10,8
DA:11,0
DA:12,0
DA:13,0
DA:14,0
DA:15,0
DA:22,0
DA:26,8
DA:27,0
DA:28,0
DA:29,0
DA:30,0
DA:32,0
DA:36,8
DA:37,0
DA:38,0
DA:39,0
DA:40,0
DA:41,0
DA:43,0
DA:47,8
DA:48,0
DA:49,0
DA:50,0
DA:51,0
DA:52,0
DA:54,0
DA:58,8
DA:59,0
DA:60,0
DA:61,0
DA:62,0
DA:63,0
DA:65,0
LF:39
LH:10
BRDA:6,0,0,8
BRF:1
BRH:1
end_of_record
TN:
SF:apps\api\src\domains\communication\announcements\mapper\announcements.mapper.ts
FN:5,(anonymous_0)
FNF:1
FNH:0
FNDA:0,(anonymous_0)
DA:4,8
DA:6,0
LF:2
LH:1
BRF:0
BRH:0
end_of_record
TN:
SF:apps\api\src\domains\communication\announcements\model\announcements.model.ts
FNF:0
FNH:0
DA:1,8
DA:2,8
DA:11,8
DA:22,8
LF:4
LH:4
BRF:0
BRH:0
end_of_record
TN:
SF:apps\api\src\domains\communication\announcements\permissions\announcements.permissions.ts
FNF:0
FNH:0
DA:1,8
LF:1
LH:1
BRF:0
BRH:0
end_of_record
TN:
SF:apps\api\src\domains\communication\announcements\repository\announcements.repository.ts
FN:7,(anonymous_0)
FNF:1
FNH:1
FNDA:8,(anonymous_0)
DA:1,8
DA:2,8
DA:6,8
DA:8,8
LF:4
LH:4
BRF:0
BRH:0
end_of_record
TN:
SF:apps\api\src\domains\communication\announcements\routes\announcements.routes.ts
FNF:0
FNH:0
DA:1,8
DA:2,8
DA:3,8
DA:4,8
DA:5,8
DA:6,8
DA:8,8
DA:9,8
DA:11,8
DA:12,8
DA:13,8
DA:14,8
DA:15,8
DA:17,8
LF:14
LH:14
BRF:0
BRH:0
end_of_record
TN:
SF:apps\api\src\domains\communication\announcements\routes\index.ts
FNF:0
FNH:0
DA:1,8
LF:1
LH:1
BRF:0
BRH:0
end_of_record
TN:
SF:apps\api\src\domains\communication\announcements\service\announcements.service.ts
FN:9,(anonymous_7)
FN:13,(anonymous_8)
FN:25,(anonymous_10)
FN:31,(anonymous_12)
FN:39,(anonymous_14)
FN:45,(anonymous_16)
FNF:6
FNH:1
FNDA:8,(anonymous_7)
FNDA:0,(anonymous_8)
FNDA:0,(anonymous_10)
FNDA:0,(anonymous_12)
FNDA:0,(anonymous_14)
FNDA:0,(anonymous_16)
DA:1,8
DA:2,8
DA:4,8
DA:5,8
DA:8,8
DA:9,8
DA:10,8
DA:14,0
DA:22,0
DA:26,0
DA:27,0
DA:28,0
DA:32,0
DA:33,0
DA:40,0
DA:41,0
DA:42,0
DA:46,0
DA:47,0
DA:48,0
LF:20
LH:7
BRDA:9,0,0,8
BRDA:19,1,0,0
BRDA:19,1,1,0
BRDA:27,2,0,0
BRDA:41,3,0,0
BRDA:47,4,0,0
BRF:6
BRH:1
end_of_record
TN:
SF:apps\api\src\domains\communication\announcements\validation\announcements.validation.ts
FNF:0
FNH:0
DA:1,8
DA:3,8
DA:10,8
LF:3
LH:3
BRF:0
BRH:0
end_of_record
TN:
SF:apps\api\src\domains\communication\email\controller\email.controller.ts
FN:6,(anonymous_7)
FN:10,(anonymous_8)
FN:10,(anonymous_9)
FN:26,(anonymous_10)
FN:26,(anonymous_11)
FN:36,(anonymous_12)
FN:36,(anonymous_13)
FN:47,(anonymous_14)
FN:47,(anonymous_15)
FN:58,(anonymous_16)
FN:58,(anonymous_17)
FNF:11
FNH:1
FNDA:8,(anonymous_7)
FNDA:0,(anonymous_8)
FNDA:0,(anonymous_9)
FNDA:0,(anonymous_10)
FNDA:0,(anonymous_11)
FNDA:0,(anonymous_12)
FNDA:0,(anonymous_13)
FNDA:0,(anonymous_14)
FNDA:0,(anonymous_15)
FNDA:0,(anonymous_16)
FNDA:0,(anonymous_17)
DA:2,8
DA:3,8
DA:5,8
DA:6,8
DA:7,8
DA:10,8
DA:11,0
DA:12,0
DA:13,0
DA:14,0
DA:15,0
DA:22,0
DA:26,8
DA:27,0
DA:28,0
DA:29,0
DA:30,0
DA:32,0
DA:36,8
DA:37,0
DA:38,0
DA:39,0
DA:40,0
DA:41,0
DA:43,0
DA:47,8
DA:48,0
DA:49,0
DA:50,0
DA:51,0
DA:52,0
DA:54,0
DA:58,8
DA:59,0
DA:60,0
DA:61,0
DA:62,0
DA:63,0
DA:65,0
LF:39
LH:10
BRDA:6,0,0,8
BRF:1
BRH:1
end_of_record
TN:
SF:apps\api\src\domains\communication\email\mapper\email.mapper.ts
FN:5,(anonymous_0)
FNF:1
FNH:0
FNDA:0,(anonymous_0)
DA:4,8
DA:6,0
LF:2
LH:1
BRF:0
BRH:0
end_of_record
TN:
SF:apps\api\src\domains\communication\email\model\email.model.ts
FNF:0
FNH:0
DA:1,8
DA:2,8
DA:11,8
DA:22,8
LF:4
LH:4
BRF:0
BRH:0
end_of_record
TN:
SF:apps\api\src\domains\communication\email\permissions\email.permissions.ts
FNF:0
FNH:0
DA:1,8
LF:1
LH:1
BRF:0
BRH:0
end_of_record
TN:
SF:apps\api\src\domains\communication\email\repository\email.repository.ts
FN:7,(anonymous_0)
FNF:1
FNH:1
FNDA:8,(anonymous_0)
DA:1,8
DA:2,8
DA:6,8
DA:8,8
LF:4
LH:4
BRF:0
BRH:0
end_of_record
TN:
SF:apps\api\src\domains\communication\email\routes\email.routes.ts
FNF:0
FNH:0
DA:1,8
DA:2,8
DA:3,8
DA:4,8
DA:5,8
DA:6,8
DA:8,8
DA:9,8
DA:11,8
DA:12,8
DA:13,8
DA:14,8
DA:15,8
DA:17,8
LF:14
LH:14
BRF:0
BRH:0
end_of_record
TN:
SF:apps\api\src\domains\communication\email\routes\index.ts
FNF:0
FNH:0
DA:1,8
LF:1
LH:1
BRF:0
BRH:0
end_of_record
TN:
SF:apps\api\src\domains\communication\email\service\email.service.ts
FN:9,(anonymous_7)
FN:13,(anonymous_8)
FN:25,(anonymous_10)
FN:31,(anonymous_12)
FN:39,(anonymous_14)
FN:45,(anonymous_16)
FNF:6
FNH:1
FNDA:8,(anonymous_7)
FNDA:0,(anonymous_8)
FNDA:0,(anonymous_10)
FNDA:0,(anonymous_12)
FNDA:0,(anonymous_14)
FNDA:0,(anonymous_16)
DA:1,8
DA:2,8
DA:4,8
DA:5,8
DA:8,8
DA:9,8
DA:10,8
DA:14,0
DA:22,0
DA:26,0
DA:27,0
DA:28,0
DA:32,0
DA:33,0
DA:40,0
DA:41,0
DA:42,0
DA:46,0
DA:47,0
DA:48,0
LF:20
LH:7
BRDA:9,0,0,8
BRDA:19,1,0,0
BRDA:19,1,1,0
BRDA:27,2,0,0
BRDA:41,3,0,0
BRDA:47,4,0,0
BRF:6
BRH:1
end_of_record
TN:
SF:apps\api\src\domains\communication\email\validation\email.validation.ts
FNF:0
FNH:0
DA:1,8
DA:3,8
DA:10,8
LF:3
LH:3
BRF:0
BRH:0
end_of_record
TN:
SF:apps\api\src\domains\communication\notifications\controller\notifications.controller.ts
FN:6,(anonymous_7)
FN:10,(anonymous_8)
FN:10,(anonymous_9)
FN:26,(anonymous_10)
FN:26,(anonymous_11)
FN:36,(anonymous_12)
FN:36,(anonymous_13)
FN:47,(anonymous_14)
FN:47,(anonymous_15)
FN:58,(anonymous_16)
FN:58,(anonymous_17)
FNF:11
FNH:1
FNDA:8,(anonymous_7)
FNDA:0,(anonymous_8)
FNDA:0,(anonymous_9)
FNDA:0,(anonymous_10)
FNDA:0,(anonymous_11)
FNDA:0,(anonymous_12)
FNDA:0,(anonymous_13)
FNDA:0,(anonymous_14)
FNDA:0,(anonymous_15)
FNDA:0,(anonymous_16)
FNDA:0,(anonymous_17)
DA:2,8
DA:3,8
DA:5,8
DA:6,8
DA:7,8
DA:10,8
DA:11,0
DA:12,0
DA:13,0
DA:14,0
DA:15,0
DA:22,0
DA:26,8
DA:27,0
DA:28,0
DA:29,0
DA:30,0
DA:32,0
DA:36,8
DA:37,0
DA:38,0
DA:39,0
DA:40,0
DA:41,0
DA:43,0
DA:47,8
DA:48,0
DA:49,0
DA:50,0
DA:51,0
DA:52,0
DA:54,0
DA:58,8
DA:59,0
DA:60,0
DA:61,0
DA:62,0
DA:63,0
DA:65,0
LF:39
LH:10
BRDA:6,0,0,8
BRF:1
BRH:1
end_of_record
TN:
SF:apps\api\src\domains\communication\notifications\mapper\notifications.mapper.ts
FN:5,(anonymous_0)
FNF:1
FNH:0
FNDA:0,(anonymous_0)
DA:4,8
DA:6,0
LF:2
LH:1
BRF:0
BRH:0
end_of_record
TN:
SF:apps\api\src\domains\communication\notifications\model\notifications.model.ts
FNF:0
FNH:0
DA:1,8
DA:2,8
DA:11,8
DA:22,8
LF:4
LH:4
BRF:0
BRH:0
end_of_record
TN:
SF:apps\api\src\domains\communication\notifications\permissions\notifications.permissions.ts
FNF:0
FNH:0
DA:1,8
LF:1
LH:1
BRF:0
BRH:0
end_of_record
TN:
SF:apps\api\src\domains\communication\notifications\repository\notifications.repository.ts
FN:7,(anonymous_0)
FNF:1
FNH:1
FNDA:8,(anonymous_0)
DA:1,8
DA:2,8
DA:6,8
DA:8,8
LF:4
LH:4
BRF:0
BRH:0
end_of_record
TN:
SF:apps\api\src\domains\communication\notifications\routes\index.ts
FNF:0
FNH:0
DA:1,8
LF:1
LH:1
BRF:0
BRH:0
end_of_record
TN:
SF:apps\api\src\domains\communication\notifications\routes\notifications.routes.ts
FNF:0
FNH:0
DA:1,8
DA:2,8
DA:3,8
DA:4,8
DA:5,8
DA:6,8
DA:8,8
DA:9,8
DA:11,8
DA:12,8
DA:13,8
DA:14,8
DA:15,8
DA:17,8
LF:14
LH:14
BRF:0
BRH:0
end_of_record
TN:
SF:apps\api\src\domains\communication\notifications\service\notifications.service.ts
FN:9,(anonymous_7)
FN:13,(anonymous_8)
FN:25,(anonymous_10)
FN:31,(anonymous_12)
FN:39,(anonymous_14)
FN:45,(anonymous_16)
FNF:6
FNH:1
FNDA:8,(anonymous_7)
FNDA:0,(anonymous_8)
FNDA:0,(anonymous_10)
FNDA:0,(anonymous_12)
FNDA:0,(anonymous_14)
FNDA:0,(anonymous_16)
DA:1,8
DA:2,8
DA:4,8
DA:5,8
DA:8,8
DA:9,8
DA:10,8
DA:14,0
DA:22,0
DA:26,0
DA:27,0
DA:28,0
DA:32,0
DA:33,0
DA:40,0
DA:41,0
DA:42,0
DA:46,0
DA:47,0
DA:48,0
LF:20
LH:7
BRDA:9,0,0,8
BRDA:19,1,0,0
BRDA:19,1,1,0
BRDA:27,2,0,0
BRDA:41,3,0,0
BRDA:47,4,0,0
BRF:6
BRH:1
end_of_record
TN:
SF:apps\api\src\domains\communication\notifications\validation\notifications.validation.ts
FNF:0
FNH:0
DA:1,8
DA:3,8
DA:10,8
LF:3
LH:3
BRF:0
BRH:0
end_of_record
TN:
SF:apps\api\src\domains\communication\sms\controller\sms.controller.ts
FN:6,(anonymous_7)
FN:10,(anonymous_8)
FN:10,(anonymous_9)
FN:26,(anonymous_10)
FN:26,(anonymous_11)
FN:36,(anonymous_12)
FN:36,(anonymous_13)
FN:47,(anonymous_14)
FN:47,(anonymous_15)
FN:58,(anonymous_16)
FN:58,(anonymous_17)
FNF:11
FNH:1
FNDA:8,(anonymous_7)
FNDA:0,(anonymous_8)
FNDA:0,(anonymous_9)
FNDA:0,(anonymous_10)
FNDA:0,(anonymous_11)
FNDA:0,(anonymous_12)
FNDA:0,(anonymous_13)
FNDA:0,(anonymous_14)
FNDA:0,(anonymous_15)
FNDA:0,(anonymous_16)
FNDA:0,(anonymous_17)
DA:2,8
DA:3,8
DA:5,8
DA:6,8
DA:7,8
DA:10,8
DA:11,0
DA:12,0
DA:13,0
DA:14,0
DA:15,0
DA:22,0
DA:26,8
DA:27,0
DA:28,0
DA:29,0
DA:30,0
DA:32,0
DA:36,8
DA:37,0
DA:38,0
DA:39,0
DA:40,0
DA:41,0
DA:43,0
DA:47,8
DA:48,0
DA:49,0
DA:50,0
DA:51,0
DA:52,0
DA:54,0
DA:58,8
DA:59,0
DA:60,0
DA:61,0
DA:62,0
DA:63,0
DA:65,0
LF:39
LH:10
BRDA:6,0,0,8
BRF:1
BRH:1
end_of_record
TN:
SF:apps\api\src\domains\communication\sms\mapper\sms.mapper.ts
FN:5,(anonymous_0)
FNF:1
FNH:0
FNDA:0,(anonymous_0)
DA:4,8
DA:6,0
LF:2
LH:1
BRF:0
BRH:0
end_of_record
TN:
SF:apps\api\src\domains\communication\sms\model\sms.model.ts
FNF:0
FNH:0
DA:1,8
DA:2,8
DA:11,8
DA:22,8
LF:4
LH:4
BRF:0
BRH:0
end_of_record
TN:
SF:apps\api\src\domains\communication\sms\permissions\sms.permissions.ts
FNF:0
FNH:0
DA:1,8
LF:1
LH:1
BRF:0
BRH:0
end_of_record
TN:
SF:apps\api\src\domains\communication\sms\repository\sms.repository.ts
FN:7,(anonymous_0)
FNF:1
FNH:1
FNDA:8,(anonymous_0)
DA:1,8
DA:2,8
DA:6,8
DA:8,8
LF:4
LH:4
BRF:0
BRH:0
end_of_record
TN:
SF:apps\api\src\domains\communication\sms\routes\index.ts
FNF:0
FNH:0
DA:1,8
LF:1
LH:1
BRF:0
BRH:0
end_of_record
TN:
SF:apps\api\src\domains\communication\sms\routes\sms.routes.ts
FNF:0
FNH:0
DA:1,8
DA:2,8
DA:3,8
DA:4,8
DA:5,8
DA:6,8
DA:8,8
DA:9,8
DA:11,8
DA:12,8
DA:13,8
DA:14,8
DA:15,8
DA:17,8
LF:14
LH:14
BRF:0
BRH:0
end_of_record
TN:
SF:apps\api\src\domains\communication\sms\service\sms.service.ts
FN:9,(anonymous_7)
FN:13,(anonymous_8)
FN:25,(anonymous_10)
FN:31,(anonymous_12)
FN:39,(anonymous_14)
FN:45,(anonymous_16)
FNF:6
FNH:1
FNDA:8,(anonymous_7)
FNDA:0,(anonymous_8)
FNDA:0,(anonymous_10)
FNDA:0,(anonymous_12)
FNDA:0,(anonymous_14)
FNDA:0,(anonymous_16)
DA:1,8
DA:2,8
DA:4,8
DA:5,8
DA:8,8
DA:9,8
DA:10,8
DA:14,0
DA:22,0
DA:26,0
DA:27,0
DA:28,0
DA:32,0
DA:33,0
DA:40,0
DA:41,0
DA:42,0
DA:46,0
DA:47,0
DA:48,0
LF:20
LH:7
BRDA:9,0,0,8
BRDA:19,1,0,0
BRDA:19,1,1,0
BRDA:27,2,0,0
BRDA:41,3,0,0
BRDA:47,4,0,0
BRF:6
BRH:1
end_of_record
TN:
SF:apps\api\src\domains\communication\sms\validation\sms.validation.ts
FNF:0
FNH:0
DA:1,8
DA:3,8
DA:10,8
LF:3
LH:3
BRF:0
BRH:0
end_of_record
TN:
SF:apps\api\src\domains\communication\whatsapp\controller\whatsapp.controller.ts
FN:6,(anonymous_7)
FN:10,(anonymous_8)
FN:10,(anonymous_9)
FN:26,(anonymous_10)
FN:26,(anonymous_11)
FN:36,(anonymous_12)
FN:36,(anonymous_13)
FN:47,(anonymous_14)
FN:47,(anonymous_15)
FN:58,(anonymous_16)
FN:58,(anonymous_17)
FNF:11
FNH:1
FNDA:8,(anonymous_7)
FNDA:0,(anonymous_8)
FNDA:0,(anonymous_9)
FNDA:0,(anonymous_10)
FNDA:0,(anonymous_11)
FNDA:0,(anonymous_12)
FNDA:0,(anonymous_13)
FNDA:0,(anonymous_14)
FNDA:0,(anonymous_15)
FNDA:0,(anonymous_16)
FNDA:0,(anonymous_17)
DA:2,8
DA:3,8
DA:5,8
DA:6,8
DA:7,8
DA:10,8
DA:11,0
DA:12,0
DA:13,0
DA:14,0
DA:15,0
DA:22,0
DA:26,8
DA:27,0
DA:28,0
DA:29,0
DA:30,0
DA:32,0
DA:36,8
DA:37,0
DA:38,0
DA:39,0
DA:40,0
DA:41,0
DA:43,0
DA:47,8
DA:48,0
DA:49,0
DA:50,0
DA:51,0
DA:52,0
DA:54,0
DA:58,8
DA:59,0
DA:60,0
DA:61,0
DA:62,0
DA:63,0
DA:65,0
LF:39
LH:10
BRDA:6,0,0,8
BRF:1
BRH:1
end_of_record
TN:
SF:apps\api\src\domains\communication\whatsapp\mapper\whatsapp.mapper.ts
FN:5,(anonymous_0)
FNF:1
FNH:0
FNDA:0,(anonymous_0)
DA:4,8
DA:6,0
LF:2
LH:1
BRF:0
BRH:0
end_of_record
TN:
SF:apps\api\src\domains\communication\whatsapp\model\whatsapp.model.ts
FNF:0
FNH:0
DA:1,8
DA:2,8
DA:11,8
DA:22,8
LF:4
LH:4
BRF:0
BRH:0
end_of_record
TN:
SF:apps\api\src\domains\communication\whatsapp\permissions\whatsapp.permissions.ts
FNF:0
FNH:0
DA:1,8
LF:1
LH:1
BRF:0
BRH:0
end_of_record
TN:
SF:apps\api\src\domains\communication\whatsapp\repository\whatsapp.repository.ts
FN:7,(anonymous_0)
FNF:1
FNH:1
FNDA:8,(anonymous_0)
DA:1,8
DA:2,8
DA:6,8
DA:8,8
LF:4
LH:4
BRF:0
BRH:0
end_of_record
TN:
SF:apps\api\src\domains\communication\whatsapp\routes\index.ts
FNF:0
FNH:0
DA:1,8
LF:1
LH:1
BRF:0
BRH:0
end_of_record
TN:
SF:apps\api\src\domains\communication\whatsapp\routes\whatsapp.routes.ts
FNF:0
FNH:0
DA:1,8
DA:2,8
DA:3,8
DA:4,8
DA:5,8
DA:6,8
DA:8,8
DA:9,8
DA:11,8
DA:12,8
DA:13,8
DA:14,8
DA:15,8
DA:17,8
LF:14
LH:14
BRF:0
BRH:0
end_of_record
TN:
SF:apps\api\src\domains\communication\whatsapp\service\whatsapp.service.ts
FN:9,(anonymous_7)
FN:13,(anonymous_8)
FN:25,(anonymous_10)
FN:31,(anonymous_12)
FN:39,(anonymous_14)
FN:45,(anonymous_16)
FNF:6
FNH:1
FNDA:8,(anonymous_7)
FNDA:0,(anonymous_8)
FNDA:0,(anonymous_10)
FNDA:0,(anonymous_12)
FNDA:0,(anonymous_14)
FNDA:0,(anonymous_16)
DA:1,8
DA:2,8
DA:4,8
DA:5,8
DA:8,8
DA:9,8
DA:10,8
DA:14,0
DA:22,0
DA:26,0
DA:27,0
DA:28,0
DA:32,0
DA:33,0
DA:40,0
DA:41,0
DA:42,0
DA:46,0
DA:47,0
DA:48,0
LF:20
LH:7
BRDA:9,0,0,8
BRDA:19,1,0,0
BRDA:19,1,1,0
BRDA:27,2,0,0
BRDA:41,3,0,0
BRDA:47,4,0,0
BRF:6
BRH:1
end_of_record
TN:
SF:apps\api\src\domains\communication\whatsapp\validation\whatsapp.validation.ts
FNF:0
FNH:0
DA:1,8
DA:3,8
DA:10,8
LF:3
LH:3
BRF:0
BRH:0
end_of_record
TN:
SF:apps\api\src\domains\crm\routes.ts
FNF:0
FNH:0
DA:1,8
DA:2,8
DA:3,8
DA:4,8
DA:5,8
DA:6,8
DA:7,8
DA:8,8
DA:10,8
DA:12,8
DA:13,8
DA:14,8
DA:15,8
DA:16,8
DA:17,8
DA:18,8
DA:20,8
LF:17
LH:17
BRF:0
BRH:0
end_of_record
TN:
SF:apps\api\src\domains\crm\campaigns\controller\campaigns.controller.ts
FN:6,(anonymous_7)
FN:10,(anonymous_8)
FN:10,(anonymous_9)
FN:26,(anonymous_10)
FN:26,(anonymous_11)
FN:36,(anonymous_12)
FN:36,(anonymous_13)
FN:47,(anonymous_14)
FN:47,(anonymous_15)
FN:58,(anonymous_16)
FN:58,(anonymous_17)
FNF:11
FNH:1
FNDA:8,(anonymous_7)
FNDA:0,(anonymous_8)
FNDA:0,(anonymous_9)
FNDA:0,(anonymous_10)
FNDA:0,(anonymous_11)
FNDA:0,(anonymous_12)
FNDA:0,(anonymous_13)
FNDA:0,(anonymous_14)
FNDA:0,(anonymous_15)
FNDA:0,(anonymous_16)
FNDA:0,(anonymous_17)
DA:2,8
DA:3,8
DA:5,8
DA:6,8
DA:7,8
DA:10,8
DA:11,0
DA:12,0
DA:13,0
DA:14,0
DA:15,0
DA:22,0
DA:26,8
DA:27,0
DA:28,0
DA:29,0
DA:30,0
DA:32,0
DA:36,8
DA:37,0
DA:38,0
DA:39,0
DA:40,0
DA:41,0
DA:43,0
DA:47,8
DA:48,0
DA:49,0
DA:50,0
DA:51,0
DA:52,0
DA:54,0
DA:58,8
DA:59,0
DA:60,0
DA:61,0
DA:62,0
DA:63,0
DA:65,0
LF:39
LH:10
BRDA:6,0,0,8
BRF:1
BRH:1
end_of_record
TN:
SF:apps\api\src\domains\crm\campaigns\mapper\campaigns.mapper.ts
FN:5,(anonymous_0)
FNF:1
FNH:0
FNDA:0,(anonymous_0)
DA:4,8
DA:6,0
LF:2
LH:1
BRF:0
BRH:0
end_of_record
TN:
SF:apps\api\src\domains\crm\campaigns\model\campaigns.model.ts
FNF:0
FNH:0
DA:1,8
DA:2,8
DA:11,8
DA:22,8
LF:4
LH:4
BRF:0
BRH:0
end_of_record
TN:
SF:apps\api\src\domains\crm\campaigns\permissions\campaigns.permissions.ts
FNF:0
FNH:0
DA:1,8
LF:1
LH:1
BRF:0
BRH:0
end_of_record
TN:
SF:apps\api\src\domains\crm\campaigns\repository\campaigns.repository.ts
FN:7,(anonymous_0)
FNF:1
FNH:1
FNDA:8,(anonymous_0)
DA:1,8
DA:2,8
DA:6,8
DA:8,8
LF:4
LH:4
BRF:0
BRH:0
end_of_record
TN:
SF:apps\api\src\domains\crm\campaigns\routes\campaigns.routes.ts
FNF:0
FNH:0
DA:1,8
DA:2,8
DA:3,8
DA:4,8
DA:5,8
DA:6,8
DA:8,8
DA:9,8
DA:11,8
DA:12,8
DA:13,8
DA:14,8
DA:15,8
DA:17,8
LF:14
LH:14
BRF:0
BRH:0
end_of_record
TN:
SF:apps\api\src\domains\crm\campaigns\routes\index.ts
FNF:0
FNH:0
DA:1,8
LF:1
LH:1
BRF:0
BRH:0
end_of_record
TN:
SF:apps\api\src\domains\crm\campaigns\service\campaigns.service.ts
FN:9,(anonymous_7)
FN:13,(anonymous_8)
FN:25,(anonymous_10)
FN:31,(anonymous_12)
FN:39,(anonymous_14)
FN:45,(anonymous_16)
FNF:6
FNH:1
FNDA:8,(anonymous_7)
FNDA:0,(anonymous_8)
FNDA:0,(anonymous_10)
FNDA:0,(anonymous_12)
FNDA:0,(anonymous_14)
FNDA:0,(anonymous_16)
DA:1,8
DA:2,8
DA:4,8
DA:5,8
DA:8,8
DA:9,8
DA:10,8
DA:14,0
DA:22,0
DA:26,0
DA:27,0
DA:28,0
DA:32,0
DA:33,0
DA:40,0
DA:41,0
DA:42,0
DA:46,0
DA:47,0
DA:48,0
LF:20
LH:7
BRDA:9,0,0,8
BRDA:19,1,0,0
BRDA:19,1,1,0
BRDA:27,2,0,0
BRDA:41,3,0,0
BRDA:47,4,0,0
BRF:6
BRH:1
end_of_record
TN:
SF:apps\api\src\domains\crm\campaigns\validation\campaigns.validation.ts
FNF:0
FNH:0
DA:1,8
DA:3,8
DA:10,8
LF:3
LH:3
BRF:0
BRH:0
end_of_record
TN:
SF:apps\api\src\domains\crm\follow-ups\controller\follow-ups.controller.ts
FN:6,(anonymous_7)
FN:10,(anonymous_8)
FN:10,(anonymous_9)
FN:26,(anonymous_10)
FN:26,(anonymous_11)
FN:36,(anonymous_12)
FN:36,(anonymous_13)
FN:47,(anonymous_14)
FN:47,(anonymous_15)
FN:58,(anonymous_16)
FN:58,(anonymous_17)
FNF:11
FNH:3
FNDA:8,(anonymous_7)
FNDA:1,(anonymous_8)
FNDA:1,(anonymous_9)
FNDA:0,(anonymous_10)
FNDA:0,(anonymous_11)
FNDA:0,(anonymous_12)
FNDA:0,(anonymous_13)
FNDA:0,(anonymous_14)
FNDA:0,(anonymous_15)
FNDA:0,(anonymous_16)
FNDA:0,(anonymous_17)
DA:2,8
DA:3,8
DA:5,8
DA:6,8
DA:7,8
DA:10,8
DA:11,1
DA:12,1
DA:13,1
DA:14,1
DA:15,1
DA:22,0
DA:26,8
DA:27,0
DA:28,0
DA:29,0
DA:30,0
DA:32,0
DA:36,8
DA:37,0
DA:38,0
DA:39,0
DA:40,0
DA:41,0
DA:43,0
DA:47,8
DA:48,0
DA:49,0
DA:50,0
DA:51,0
DA:52,0
DA:54,0
DA:58,8
DA:59,0
DA:60,0
DA:61,0
DA:62,0
DA:63,0
DA:65,0
LF:39
LH:15
BRDA:6,0,0,8
BRF:1
BRH:1
end_of_record
TN:
SF:apps\api\src\domains\crm\follow-ups\mapper\follow-ups.mapper.ts
FN:5,(anonymous_0)
FNF:1
FNH:0
FNDA:0,(anonymous_0)
DA:4,8
DA:6,0
LF:2
LH:1
BRF:0
BRH:0
end_of_record
TN:
SF:apps\api\src\domains\crm\follow-ups\model\follow-ups.model.ts
FNF:0
FNH:0
DA:1,8
DA:2,8
DA:11,8
DA:22,8
LF:4
LH:4
BRF:0
BRH:0
end_of_record
TN:
SF:apps\api\src\domains\crm\follow-ups\permissions\follow-ups.permissions.ts
FNF:0
FNH:0
DA:1,8
LF:1
LH:1
BRF:0
BRH:0
end_of_record
TN:
SF:apps\api\src\domains\crm\follow-ups\repository\follow-ups.repository.ts
FN:7,(anonymous_0)
FNF:1
FNH:1
FNDA:8,(anonymous_0)
DA:1,8
DA:2,8
DA:6,8
DA:8,8
LF:4
LH:4
BRF:0
BRH:0
end_of_record
TN:
SF:apps\api\src\domains\crm\follow-ups\routes\follow-ups.routes.ts
FNF:0
FNH:0
DA:1,8
DA:2,8
DA:3,8
DA:4,8
DA:5,8
DA:6,8
DA:8,8
DA:9,8
DA:11,8
DA:12,8
DA:13,8
DA:14,8
DA:15,8
DA:17,8
LF:14
LH:14
BRF:0
BRH:0
end_of_record
TN:
SF:apps\api\src\domains\crm\follow-ups\routes\index.ts
FNF:0
FNH:0
DA:1,8
LF:1
LH:1
BRF:0
BRH:0
end_of_record
TN:
SF:apps\api\src\domains\crm\follow-ups\service\follow-ups.service.ts
FN:9,(anonymous_7)
FN:13,(anonymous_8)
FN:25,(anonymous_10)
FN:31,(anonymous_12)
FN:39,(anonymous_14)
FN:45,(anonymous_16)
FNF:6
FNH:2
FNDA:8,(anonymous_7)
FNDA:0,(anonymous_8)
FNDA:0,(anonymous_10)
FNDA:1,(anonymous_12)
FNDA:0,(anonymous_14)
FNDA:0,(anonymous_16)
DA:1,8
DA:2,8
DA:4,8
DA:5,8
DA:8,8
DA:9,8
DA:10,8
DA:14,0
DA:22,0
DA:26,0
DA:27,0
DA:28,0
DA:32,1
DA:33,1
DA:40,0
DA:41,0
DA:42,0
DA:46,0
DA:47,0
DA:48,0
LF:20
LH:9
BRDA:9,0,0,8
BRDA:19,1,0,0
BRDA:19,1,1,0
BRDA:27,2,0,0
BRDA:41,3,0,0
BRDA:47,4,0,0
BRF:6
BRH:1
end_of_record
TN:
SF:apps\api\src\domains\crm\follow-ups\validation\follow-ups.validation.ts
FNF:0
FNH:0
DA:1,8
DA:3,8
DA:10,8
LF:3
LH:3
BRF:0
BRH:0
end_of_record
TN:
SF:apps\api\src\domains\crm\leads\controller\leads.controller.ts
FN:5,(anonymous_7)
FN:6,(anonymous_8)
FN:6,(anonymous_9)
FN:15,(anonymous_10)
FN:15,(anonymous_11)
FNF:5
FNH:3
FNDA:8,(anonymous_7)
FNDA:1,(anonymous_8)
FNDA:1,(anonymous_9)
FNDA:0,(anonymous_10)
FNDA:0,(anonymous_11)
DA:2,8
DA:3,8
DA:5,8
DA:6,8
DA:7,1
DA:8,1
DA:9,1
DA:11,0
DA:15,8
DA:16,0
DA:17,0
DA:22,0
DA:24,0
LF:13
LH:8
BRDA:19,0,0,0
BRDA:19,0,1,0
BRF:2
BRH:0
end_of_record
TN:
SF:apps\api\src\domains\crm\leads\model\leads.model.ts
FNF:0
FNH:0
DA:1,8
DA:2,8
DA:18,8
DA:50,8
LF:4
LH:4
BRF:0
BRH:0
end_of_record
TN:
SF:apps\api\src\domains\crm\leads\routes\index.ts
FNF:0
FNH:0
DA:1,8
LF:1
LH:1
BRF:0
BRH:0
end_of_record
TN:
SF:apps\api\src\domains\crm\leads\routes\leads.routes.ts
FNF:0
FNH:0
DA:1,8
DA:2,8
DA:4,8
DA:5,8
DA:7,8
DA:8,8
LF:6
LH:6
BRF:0
BRH:0
end_of_record
TN:
SF:apps\api\src\domains\crm\referrals\controller\referrals.controller.ts
FN:6,(anonymous_7)
FN:10,(anonymous_8)
FN:10,(anonymous_9)
FN:26,(anonymous_10)
FN:26,(anonymous_11)
FN:36,(anonymous_12)
FN:36,(anonymous_13)
FN:47,(anonymous_14)
FN:47,(anonymous_15)
FN:58,(anonymous_16)
FN:58,(anonymous_17)
FNF:11
FNH:1
FNDA:8,(anonymous_7)
FNDA:0,(anonymous_8)
FNDA:0,(anonymous_9)
FNDA:0,(anonymous_10)
FNDA:0,(anonymous_11)
FNDA:0,(anonymous_12)
FNDA:0,(anonymous_13)
FNDA:0,(anonymous_14)
FNDA:0,(anonymous_15)
FNDA:0,(anonymous_16)
FNDA:0,(anonymous_17)
DA:2,8
DA:3,8
DA:5,8
DA:6,8
DA:7,8
DA:10,8
DA:11,0
DA:12,0
DA:13,0
DA:14,0
DA:15,0
DA:22,0
DA:26,8
DA:27,0
DA:28,0
DA:29,0
DA:30,0
DA:32,0
DA:36,8
DA:37,0
DA:38,0
DA:39,0
DA:40,0
DA:41,0
DA:43,0
DA:47,8
DA:48,0
DA:49,0
DA:50,0
DA:51,0
DA:52,0
DA:54,0
DA:58,8
DA:59,0
DA:60,0
DA:61,0
DA:62,0
DA:63,0
DA:65,0
LF:39
LH:10
BRDA:6,0,0,8
BRF:1
BRH:1
end_of_record
TN:
SF:apps\api\src\domains\crm\referrals\mapper\referrals.mapper.ts
FN:5,(anonymous_0)
FNF:1
FNH:0
FNDA:0,(anonymous_0)
DA:4,8
DA:6,0
LF:2
LH:1
BRF:0
BRH:0
end_of_record
TN:
SF:apps\api\src\domains\crm\referrals\model\referrals.model.ts
FNF:0
FNH:0
DA:1,8
DA:2,8
DA:11,8
DA:22,8
LF:4
LH:4
BRF:0
BRH:0
end_of_record
TN:
SF:apps\api\src\domains\crm\referrals\permissions\referrals.permissions.ts
FNF:0
FNH:0
DA:1,8
LF:1
LH:1
BRF:0
BRH:0
end_of_record
TN:
SF:apps\api\src\domains\crm\referrals\repository\referrals.repository.ts
FN:7,(anonymous_0)
FNF:1
FNH:1
FNDA:8,(anonymous_0)
DA:1,8
DA:2,8
DA:6,8
DA:8,8
LF:4
LH:4
BRF:0
BRH:0
end_of_record
TN:
SF:apps\api\src\domains\crm\referrals\routes\index.ts
FNF:0
FNH:0
DA:1,8
LF:1
LH:1
BRF:0
BRH:0
end_of_record
TN:
SF:apps\api\src\domains\crm\referrals\routes\referrals.routes.ts
FNF:0
FNH:0
DA:1,8
DA:2,8
DA:3,8
DA:4,8
DA:5,8
DA:6,8
DA:8,8
DA:9,8
DA:11,8
DA:12,8
DA:13,8
DA:14,8
DA:15,8
DA:17,8
LF:14
LH:14
BRF:0
BRH:0
end_of_record
TN:
SF:apps\api\src\domains\crm\referrals\service\referrals.service.ts
FN:9,(anonymous_7)
FN:13,(anonymous_8)
FN:25,(anonymous_10)
FN:31,(anonymous_12)
FN:39,(anonymous_14)
FN:45,(anonymous_16)
FNF:6
FNH:1
FNDA:8,(anonymous_7)
FNDA:0,(anonymous_8)
FNDA:0,(anonymous_10)
FNDA:0,(anonymous_12)
FNDA:0,(anonymous_14)
FNDA:0,(anonymous_16)
DA:1,8
DA:2,8
DA:4,8
DA:5,8
DA:8,8
DA:9,8
DA:10,8
DA:14,0
DA:22,0
DA:26,0
DA:27,0
DA:28,0
DA:32,0
DA:33,0
DA:40,0
DA:41,0
DA:42,0
DA:46,0
DA:47,0
DA:48,0
LF:20
LH:7
BRDA:9,0,0,8
BRDA:19,1,0,0
BRDA:19,1,1,0
BRDA:27,2,0,0
BRDA:41,3,0,0
BRDA:47,4,0,0
BRF:6
BRH:1
end_of_record
TN:
SF:apps\api\src\domains\crm\referrals\validation\referrals.validation.ts
FNF:0
FNH:0
DA:1,8
DA:3,8
DA:10,8
LF:3
LH:3
BRF:0
BRH:0
end_of_record
TN:
SF:apps\api\src\domains\crm\tasks\controller\tasks.controller.ts
FN:6,(anonymous_7)
FN:10,(anonymous_8)
FN:10,(anonymous_9)
FN:26,(anonymous_10)
FN:26,(anonymous_11)
FN:36,(anonymous_12)
FN:36,(anonymous_13)
FN:47,(anonymous_14)
FN:47,(anonymous_15)
FN:58,(anonymous_16)
FN:58,(anonymous_17)
FNF:11
FNH:1
FNDA:8,(anonymous_7)
FNDA:0,(anonymous_8)
FNDA:0,(anonymous_9)
FNDA:0,(anonymous_10)
FNDA:0,(anonymous_11)
FNDA:0,(anonymous_12)
FNDA:0,(anonymous_13)
FNDA:0,(anonymous_14)
FNDA:0,(anonymous_15)
FNDA:0,(anonymous_16)
FNDA:0,(anonymous_17)
DA:2,8
DA:3,8
DA:5,8
DA:6,8
DA:7,8
DA:10,8
DA:11,0
DA:12,0
DA:13,0
DA:14,0
DA:15,0
DA:22,0
DA:26,8
DA:27,0
DA:28,0
DA:29,0
DA:30,0
DA:32,0
DA:36,8
DA:37,0
DA:38,0
DA:39,0
DA:40,0
DA:41,0
DA:43,0
DA:47,8
DA:48,0
DA:49,0
DA:50,0
DA:51,0
DA:52,0
DA:54,0
DA:58,8
DA:59,0
DA:60,0
DA:61,0
DA:62,0
DA:63,0
DA:65,0
LF:39
LH:10
BRDA:6,0,0,8
BRF:1
BRH:1
end_of_record
TN:
SF:apps\api\src\domains\crm\tasks\mapper\tasks.mapper.ts
FN:5,(anonymous_0)
FNF:1
FNH:0
FNDA:0,(anonymous_0)
DA:4,8
DA:6,0
LF:2
LH:1
BRF:0
BRH:0
end_of_record
TN:
SF:apps\api\src\domains\crm\tasks\model\tasks.model.ts
FNF:0
FNH:0
DA:1,8
DA:2,8
DA:11,8
DA:22,8
LF:4
LH:4
BRF:0
BRH:0
end_of_record
TN:
SF:apps\api\src\domains\crm\tasks\permissions\tasks.permissions.ts
FNF:0
FNH:0
DA:1,8
LF:1
LH:1
BRF:0
BRH:0
end_of_record
TN:
SF:apps\api\src\domains\crm\tasks\repository\tasks.repository.ts
FN:7,(anonymous_0)
FNF:1
FNH:1
FNDA:8,(anonymous_0)
DA:1,8
DA:2,8
DA:6,8
DA:8,8
LF:4
LH:4
BRF:0
BRH:0
end_of_record
TN:
SF:apps\api\src\domains\crm\tasks\routes\index.ts
FNF:0
FNH:0
DA:1,8
LF:1
LH:1
BRF:0
BRH:0
end_of_record
TN:
SF:apps\api\src\domains\crm\tasks\routes\tasks.routes.ts
FNF:0
FNH:0
DA:1,8
DA:2,8
DA:3,8
DA:4,8
DA:5,8
DA:6,8
DA:8,8
DA:9,8
DA:11,8
DA:12,8
DA:13,8
DA:14,8
DA:15,8
DA:17,8
LF:14
LH:14
BRF:0
BRH:0
end_of_record
TN:
SF:apps\api\src\domains\crm\tasks\service\tasks.service.ts
FN:9,(anonymous_7)
FN:13,(anonymous_8)
FN:25,(anonymous_10)
FN:31,(anonymous_12)
FN:39,(anonymous_14)
FN:45,(anonymous_16)
FNF:6
FNH:1
FNDA:8,(anonymous_7)
FNDA:0,(anonymous_8)
FNDA:0,(anonymous_10)
FNDA:0,(anonymous_12)
FNDA:0,(anonymous_14)
FNDA:0,(anonymous_16)
DA:1,8
DA:2,8
DA:4,8
DA:5,8
DA:8,8
DA:9,8
DA:10,8
DA:14,0
DA:22,0
DA:26,0
DA:27,0
DA:28,0
DA:32,0
DA:33,0
DA:40,0
DA:41,0
DA:42,0
DA:46,0
DA:47,0
DA:48,0
LF:20
LH:7
BRDA:9,0,0,8
BRDA:19,1,0,0
BRDA:19,1,1,0
BRDA:27,2,0,0
BRDA:41,3,0,0
BRDA:47,4,0,0
BRF:6
BRH:1
end_of_record
TN:
SF:apps\api\src\domains\crm\tasks\validation\tasks.validation.ts
FNF:0
FNH:0
DA:1,8
DA:3,8
DA:10,8
LF:3
LH:3
BRF:0
BRH:0
end_of_record
TN:
SF:apps\api\src\domains\crm\trial-members\controller\trial-members.controller.ts
FN:6,(anonymous_7)
FN:10,(anonymous_8)
FN:10,(anonymous_9)
FN:26,(anonymous_10)
FN:26,(anonymous_11)
FN:36,(anonymous_12)
FN:36,(anonymous_13)
FN:47,(anonymous_14)
FN:47,(anonymous_15)
FN:58,(anonymous_16)
FN:58,(anonymous_17)
FNF:11
FNH:1
FNDA:8,(anonymous_7)
FNDA:0,(anonymous_8)
FNDA:0,(anonymous_9)
FNDA:0,(anonymous_10)
FNDA:0,(anonymous_11)
FNDA:0,(anonymous_12)
FNDA:0,(anonymous_13)
FNDA:0,(anonymous_14)
FNDA:0,(anonymous_15)
FNDA:0,(anonymous_16)
FNDA:0,(anonymous_17)
DA:2,8
DA:3,8
DA:5,8
DA:6,8
DA:7,8
DA:10,8
DA:11,0
DA:12,0
DA:13,0
DA:14,0
DA:15,0
DA:22,0
DA:26,8
DA:27,0
DA:28,0
DA:29,0
DA:30,0
DA:32,0
DA:36,8
DA:37,0
DA:38,0
DA:39,0
DA:40,0
DA:41,0
DA:43,0
DA:47,8
DA:48,0
DA:49,0
DA:50,0
DA:51,0
DA:52,0
DA:54,0
DA:58,8
DA:59,0
DA:60,0
DA:61,0
DA:62,0
DA:63,0
DA:65,0
LF:39
LH:10
BRDA:6,0,0,8
BRF:1
BRH:1
end_of_record
TN:
SF:apps\api\src\domains\crm\trial-members\mapper\trial-members.mapper.ts
FN:5,(anonymous_0)
FNF:1
FNH:0
FNDA:0,(anonymous_0)
DA:4,8
DA:6,0
LF:2
LH:1
BRF:0
BRH:0
end_of_record
TN:
SF:apps\api\src\domains\crm\trial-members\model\trial-members.model.ts
FNF:0
FNH:0
DA:1,8
DA:2,8
DA:11,8
DA:22,8
LF:4
LH:4
BRF:0
BRH:0
end_of_record
TN:
SF:apps\api\src\domains\crm\trial-members\permissions\trial-members.permissions.ts
FNF:0
FNH:0
DA:1,8
LF:1
LH:1
BRF:0
BRH:0
end_of_record
TN:
SF:apps\api\src\domains\crm\trial-members\repository\trial-members.repository.ts
FN:7,(anonymous_0)
FNF:1
FNH:1
FNDA:8,(anonymous_0)
DA:1,8
DA:2,8
DA:6,8
DA:8,8
LF:4
LH:4
BRF:0
BRH:0
end_of_record
TN:
SF:apps\api\src\domains\crm\trial-members\routes\index.ts
FNF:0
FNH:0
DA:1,8
LF:1
LH:1
BRF:0
BRH:0
end_of_record
TN:
SF:apps\api\src\domains\crm\trial-members\routes\trial-members.routes.ts
FNF:0
FNH:0
DA:1,8
DA:2,8
DA:3,8
DA:4,8
DA:5,8
DA:6,8
DA:8,8
DA:9,8
DA:11,8
DA:12,8
DA:13,8
DA:14,8
DA:15,8
DA:17,8
LF:14
LH:14
BRF:0
BRH:0
end_of_record
TN:
SF:apps\api\src\domains\crm\trial-members\service\trial-members.service.ts
FN:9,(anonymous_7)
FN:13,(anonymous_8)
FN:25,(anonymous_10)
FN:31,(anonymous_12)
FN:39,(anonymous_14)
FN:45,(anonymous_16)
FNF:6
FNH:1
FNDA:8,(anonymous_7)
FNDA:0,(anonymous_8)
FNDA:0,(anonymous_10)
FNDA:0,(anonymous_12)
FNDA:0,(anonymous_14)
FNDA:0,(anonymous_16)
DA:1,8
DA:2,8
DA:4,8
DA:5,8
DA:8,8
DA:9,8
DA:10,8
DA:14,0
DA:22,0
DA:26,0
DA:27,0
DA:28,0
DA:32,0
DA:33,0
DA:40,0
DA:41,0
DA:42,0
DA:46,0
DA:47,0
DA:48,0
LF:20
LH:7
BRDA:9,0,0,8
BRDA:19,1,0,0
BRDA:19,1,1,0
BRDA:27,2,0,0
BRDA:41,3,0,0
BRDA:47,4,0,0
BRF:6
BRH:1
end_of_record
TN:
SF:apps\api\src\domains\crm\trial-members\validation\trial-members.validation.ts
FNF:0
FNH:0
DA:1,8
DA:3,8
DA:10,8
LF:3
LH:3
BRF:0
BRH:0
end_of_record
TN:
SF:apps\api\src\domains\crm\visitors\controller\visitors.controller.ts
FN:6,(anonymous_7)
FN:10,(anonymous_8)
FN:10,(anonymous_9)
FN:26,(anonymous_10)
FN:26,(anonymous_11)
FN:36,(anonymous_12)
FN:36,(anonymous_13)
FN:47,(anonymous_14)
FN:47,(anonymous_15)
FN:58,(anonymous_16)
FN:58,(anonymous_17)
FNF:11
FNH:1
FNDA:8,(anonymous_7)
FNDA:0,(anonymous_8)
FNDA:0,(anonymous_9)
FNDA:0,(anonymous_10)
FNDA:0,(anonymous_11)
FNDA:0,(anonymous_12)
FNDA:0,(anonymous_13)
FNDA:0,(anonymous_14)
FNDA:0,(anonymous_15)
FNDA:0,(anonymous_16)
FNDA:0,(anonymous_17)
DA:2,8
DA:3,8
DA:5,8
DA:6,8
DA:7,8
DA:10,8
DA:11,0
DA:12,0
DA:13,0
DA:14,0
DA:15,0
DA:22,0
DA:26,8
DA:27,0
DA:28,0
DA:29,0
DA:30,0
DA:32,0
DA:36,8
DA:37,0
DA:38,0
DA:39,0
DA:40,0
DA:41,0
DA:43,0
DA:47,8
DA:48,0
DA:49,0
DA:50,0
DA:51,0
DA:52,0
DA:54,0
DA:58,8
DA:59,0
DA:60,0
DA:61,0
DA:62,0
DA:63,0
DA:65,0
LF:39
LH:10
BRDA:6,0,0,8
BRF:1
BRH:1
end_of_record
TN:
SF:apps\api\src\domains\crm\visitors\mapper\visitors.mapper.ts
FN:5,(anonymous_0)
FNF:1
FNH:0
FNDA:0,(anonymous_0)
DA:4,8
DA:6,0
LF:2
LH:1
BRF:0
BRH:0
end_of_record
TN:
SF:apps\api\src\domains\crm\visitors\model\visitors.model.ts
FNF:0
FNH:0
DA:1,8
DA:2,8
DA:11,8
DA:22,8
LF:4
LH:4
BRF:0
BRH:0
end_of_record
TN:
SF:apps\api\src\domains\crm\visitors\permissions\visitors.permissions.ts
FNF:0
FNH:0
DA:1,8
LF:1
LH:1
BRF:0
BRH:0
end_of_record
TN:
SF:apps\api\src\domains\crm\visitors\repository\visitors.repository.ts
FN:7,(anonymous_0)
FNF:1
FNH:1
FNDA:8,(anonymous_0)
DA:1,8
DA:2,8
DA:6,8
DA:8,8
LF:4
LH:4
BRF:0
BRH:0
end_of_record
TN:
SF:apps\api\src\domains\crm\visitors\routes\index.ts
FNF:0
FNH:0
DA:1,8
LF:1
LH:1
BRF:0
BRH:0
end_of_record
TN:
SF:apps\api\src\domains\crm\visitors\routes\visitors.routes.ts
FNF:0
FNH:0
DA:1,8
DA:2,8
DA:3,8
DA:4,8
DA:5,8
DA:6,8
DA:8,8
DA:9,8
DA:11,8
DA:12,8
DA:13,8
DA:14,8
DA:15,8
DA:17,8
LF:14
LH:14
BRF:0
BRH:0
end_of_record
TN:
SF:apps\api\src\domains\crm\visitors\service\visitors.service.ts
FN:9,(anonymous_7)
FN:13,(anonymous_8)
FN:25,(anonymous_10)
FN:31,(anonymous_12)
FN:39,(anonymous_14)
FN:45,(anonymous_16)
FNF:6
FNH:1
FNDA:8,(anonymous_7)
FNDA:0,(anonymous_8)
FNDA:0,(anonymous_10)
FNDA:0,(anonymous_12)
FNDA:0,(anonymous_14)
FNDA:0,(anonymous_16)
DA:1,8
DA:2,8
DA:4,8
DA:5,8
DA:8,8
DA:9,8
DA:10,8
DA:14,0
DA:22,0
DA:26,0
DA:27,0
DA:28,0
DA:32,0
DA:33,0
DA:40,0
DA:41,0
DA:42,0
DA:46,0
DA:47,0
DA:48,0
LF:20
LH:7
BRDA:9,0,0,8
BRDA:19,1,0,0
BRDA:19,1,1,0
BRDA:27,2,0,0
BRDA:41,3,0,0
BRDA:47,4,0,0
BRF:6
BRH:1
end_of_record
TN:
SF:apps\api\src\domains\crm\visitors\validation\visitors.validation.ts
FNF:0
FNH:0
DA:1,8
DA:3,8
DA:10,8
LF:3
LH:3
BRF:0
BRH:0
end_of_record
TN:
SF:apps\api\src\domains\dashboard\routes.ts
FNF:0
FNH:0
DA:1,8
DA:2,8
DA:4,8
DA:6,8
LF:4
LH:4
BRF:0
BRH:0
end_of_record
TN:
SF:apps\api\src\domains\dashboard\admin-dashboard\routes.ts
FNF:0
FNH:0
DA:1,8
DA:2,8
DA:4,8
DA:5,8
DA:7,8
DA:8,8
DA:9,8
LF:7
LH:7
BRF:0
BRH:0
end_of_record
TN:
SF:apps\api\src\domains\dashboard\admin-dashboard\controllers\dashboard.controller.ts
FN:5,(anonymous_7)
FN:8,(anonymous_8)
FN:8,(anonymous_9)
FN:17,(anonymous_10)
FN:17,(anonymous_11)
FN:26,(anonymous_12)
FN:26,(anonymous_13)
FNF:7
FNH:1
FNDA:8,(anonymous_7)
FNDA:0,(anonymous_8)
FNDA:0,(anonymous_9)
FNDA:0,(anonymous_10)
FNDA:0,(anonymous_11)
FNDA:0,(anonymous_12)
FNDA:0,(anonymous_13)
DA:2,8
DA:3,8
DA:5,8
DA:6,8
DA:8,8
DA:9,0
DA:10,0
DA:11,0
DA:13,0
DA:17,8
DA:18,0
DA:19,0
DA:20,0
DA:22,0
DA:26,8
DA:27,0
DA:28,0
DA:29,0
DA:31,0
LF:19
LH:7
BRF:0
BRH:0
end_of_record
TN:
SF:apps\api\src\domains\dashboard\admin-dashboard\services\dashboard.service.ts
FN:8,(anonymous_7)
FN:28,(anonymous_9)
FN:29,(anonymous_10)
FN:30,(anonymous_11)
FN:33,(anonymous_12)
FN:34,(anonymous_13)
FN:36,(anonymous_14)
FN:48,(anonymous_15)
FN:62,(anonymous_16)
FN:88,(anonymous_17)
FN:92,(anonymous_19)
FN:93,(anonymous_20)
FN:116,(anonymous_21)
FN:119,(anonymous_23)
FNF:14
FNH:0
FNDA:0,(anonymous_7)
FNDA:0,(anonymous_9)
FNDA:0,(anonymous_10)
FNDA:0,(anonymous_11)
FNDA:0,(anonymous_12)
FNDA:0,(anonymous_13)
FNDA:0,(anonymous_14)
FNDA:0,(anonymous_15)
FNDA:0,(anonymous_16)
FNDA:0,(anonymous_17)
FNDA:0,(anonymous_19)
FNDA:0,(anonymous_20)
FNDA:0,(anonymous_21)
FNDA:0,(anonymous_23)
DA:1,8
DA:2,8
DA:3,8
DA:4,8
DA:5,8
DA:7,8
DA:9,0
DA:18,0
DA:28,0
DA:29,0
DA:30,0
DA:31,0
DA:33,0
DA:34,0
DA:36,0
DA:48,0
DA:50,0
DA:62,0
DA:71,0
DA:89,0
DA:90,0
DA:91,0
DA:92,0
DA:93,0
DA:95,0
DA:96,0
DA:99,0
DA:101,0
DA:112,0
DA:117,0
DA:118,0
DA:119,0
DA:121,0
DA:122,0
DA:125,0
DA:137,0
LF:36
LH:6
BRDA:29,0,0,0
BRDA:29,0,1,0
BRDA:30,1,0,0
BRDA:30,1,1,0
BRDA:30,2,0,0
BRDA:30,2,1,0
BRDA:30,3,0,0
BRDA:30,3,1,0
BRDA:31,4,0,0
BRDA:31,4,1,0
BRDA:33,5,0,0
BRDA:33,5,1,0
BRDA:34,6,0,0
BRDA:34,6,1,0
BRDA:34,7,0,0
BRDA:34,7,1,0
BRDA:34,8,0,0
BRDA:34,8,1,0
BRDA:40,9,0,0
BRDA:40,9,1,0
BRDA:40,10,0,0
BRDA:40,10,1,0
BRDA:40,11,0,0
BRDA:40,11,1,0
BRDA:41,12,0,0
BRDA:41,12,1,0
BRDA:41,13,0,0
BRDA:41,13,1,0
BRDA:41,14,0,0
BRDA:41,14,1,0
BRDA:42,15,0,0
BRDA:42,15,1,0
BRDA:42,15,2,0
BRDA:43,16,0,0
BRDA:43,16,1,0
BRDA:43,17,0,0
BRDA:43,17,1,0
BRDA:43,18,0,0
BRDA:43,18,1,0
BRDA:43,19,0,0
BRDA:43,19,1,0
BRDA:43,20,0,0
BRDA:43,20,1,0
BRDA:43,21,0,0
BRDA:43,21,1,0
BRDA:48,22,0,0
BRDA:48,22,1,0
BRDA:48,23,0,0
BRDA:48,23,1,0
BRDA:48,24,0,0
BRDA:48,24,1,0
BRDA:58,25,0,0
BRDA:58,25,1,0
BRDA:59,26,0,0
BRDA:59,26,1,0
BRDA:93,27,0,0
BRDA:93,27,1,0
BRDA:95,28,0,0
BRDA:95,29,0,0
BRDA:95,29,1,0
BRDA:119,30,0,0
BRDA:119,30,1,0
BRDA:121,31,0,0
BRF:63
BRH:0
end_of_record
TN:
SF:apps\api\src\domains\equipment\routes.ts
FNF:0
FNH:0
DA:1,8
DA:2,8
DA:3,8
DA:4,8
DA:6,8
DA:8,8
DA:9,8
DA:10,8
DA:12,8
LF:9
LH:9
BRF:0
BRH:0
end_of_record
TN:
SF:apps\api\src\domains\equipment\equipment\controller\equipment.controller.ts
FN:6,(anonymous_7)
FN:10,(anonymous_8)
FN:10,(anonymous_9)
FN:26,(anonymous_10)
FN:26,(anonymous_11)
FN:36,(anonymous_12)
FN:36,(anonymous_13)
FN:47,(anonymous_14)
FN:47,(anonymous_15)
FN:58,(anonymous_16)
FN:58,(anonymous_17)
FNF:11
FNH:1
FNDA:8,(anonymous_7)
FNDA:0,(anonymous_8)
FNDA:0,(anonymous_9)
FNDA:0,(anonymous_10)
FNDA:0,(anonymous_11)
FNDA:0,(anonymous_12)
FNDA:0,(anonymous_13)
FNDA:0,(anonymous_14)
FNDA:0,(anonymous_15)
FNDA:0,(anonymous_16)
FNDA:0,(anonymous_17)
DA:2,8
DA:3,8
DA:5,8
DA:6,8
DA:7,8
DA:10,8
DA:11,0
DA:12,0
DA:13,0
DA:14,0
DA:15,0
DA:22,0
DA:26,8
DA:27,0
DA:28,0
DA:29,0
DA:30,0
DA:32,0
DA:36,8
DA:37,0
DA:38,0
DA:39,0
DA:40,0
DA:41,0
DA:43,0
DA:47,8
DA:48,0
DA:49,0
DA:50,0
DA:51,0
DA:52,0
DA:54,0
DA:58,8
DA:59,0
DA:60,0
DA:61,0
DA:62,0
DA:63,0
DA:65,0
LF:39
LH:10
BRDA:6,0,0,8
BRF:1
BRH:1
end_of_record
TN:
SF:apps\api\src\domains\equipment\equipment\mapper\equipment.mapper.ts
FN:5,(anonymous_0)
FNF:1
FNH:0
FNDA:0,(anonymous_0)
DA:4,8
DA:6,0
LF:2
LH:1
BRF:0
BRH:0
end_of_record
TN:
SF:apps\api\src\domains\equipment\equipment\model\equipment.model.ts
FNF:0
FNH:0
DA:1,8
DA:2,8
DA:11,8
DA:22,8
LF:4
LH:4
BRF:0
BRH:0
end_of_record
TN:
SF:apps\api\src\domains\equipment\equipment\permissions\equipment.permissions.ts
FNF:0
FNH:0
DA:1,8
LF:1
LH:1
BRF:0
BRH:0
end_of_record
TN:
SF:apps\api\src\domains\equipment\equipment\repository\equipment.repository.ts
FN:7,(anonymous_0)
FNF:1
FNH:1
FNDA:8,(anonymous_0)
DA:1,8
DA:2,8
DA:6,8
DA:8,8
LF:4
LH:4
BRF:0
BRH:0
end_of_record
TN:
SF:apps\api\src\domains\equipment\equipment\routes\equipment.routes.ts
FNF:0
FNH:0
DA:1,8
DA:2,8
DA:3,8
DA:4,8
DA:5,8
DA:6,8
DA:8,8
DA:9,8
DA:11,8
DA:12,8
DA:13,8
DA:14,8
DA:15,8
DA:17,8
LF:14
LH:14
BRF:0
BRH:0
end_of_record
TN:
SF:apps\api\src\domains\equipment\equipment\routes\index.ts
FNF:0
FNH:0
DA:1,8
LF:1
LH:1
BRF:0
BRH:0
end_of_record
TN:
SF:apps\api\src\domains\equipment\equipment\service\equipment.service.ts
FN:9,(anonymous_7)
FN:13,(anonymous_8)
FN:25,(anonymous_10)
FN:31,(anonymous_12)
FN:39,(anonymous_14)
FN:45,(anonymous_16)
FNF:6
FNH:1
FNDA:8,(anonymous_7)
FNDA:0,(anonymous_8)
FNDA:0,(anonymous_10)
FNDA:0,(anonymous_12)
FNDA:0,(anonymous_14)
FNDA:0,(anonymous_16)
DA:1,8
DA:2,8
DA:4,8
DA:5,8
DA:8,8
DA:9,8
DA:10,8
DA:14,0
DA:22,0
DA:26,0
DA:27,0
DA:28,0
DA:32,0
DA:33,0
DA:40,0
DA:41,0
DA:42,0
DA:46,0
DA:47,0
DA:48,0
LF:20
LH:7
BRDA:9,0,0,8
BRDA:19,1,0,0
BRDA:19,1,1,0
BRDA:27,2,0,0
BRDA:41,3,0,0
BRDA:47,4,0,0
BRF:6
BRH:1
end_of_record
TN:
SF:apps\api\src\domains\equipment\equipment\validation\equipment.validation.ts
FNF:0
FNH:0
DA:1,8
DA:3,8
DA:10,8
LF:3
LH:3
BRF:0
BRH:0
end_of_record
TN:
SF:apps\api\src\domains\equipment\maintenance\controller\maintenance.controller.ts
FN:6,(anonymous_7)
FN:10,(anonymous_8)
FN:10,(anonymous_9)
FN:26,(anonymous_10)
FN:26,(anonymous_11)
FN:36,(anonymous_12)
FN:36,(anonymous_13)
FN:47,(anonymous_14)
FN:47,(anonymous_15)
FN:58,(anonymous_16)
FN:58,(anonymous_17)
FNF:11
FNH:1
FNDA:8,(anonymous_7)
FNDA:0,(anonymous_8)
FNDA:0,(anonymous_9)
FNDA:0,(anonymous_10)
FNDA:0,(anonymous_11)
FNDA:0,(anonymous_12)
FNDA:0,(anonymous_13)
FNDA:0,(anonymous_14)
FNDA:0,(anonymous_15)
FNDA:0,(anonymous_16)
FNDA:0,(anonymous_17)
DA:2,8
DA:3,8
DA:5,8
DA:6,8
DA:7,8
DA:10,8
DA:11,0
DA:12,0
DA:13,0
DA:14,0
DA:15,0
DA:22,0
DA:26,8
DA:27,0
DA:28,0
DA:29,0
DA:30,0
DA:32,0
DA:36,8
DA:37,0
DA:38,0
DA:39,0
DA:40,0
DA:41,0
DA:43,0
DA:47,8
DA:48,0
DA:49,0
DA:50,0
DA:51,0
DA:52,0
DA:54,0
DA:58,8
DA:59,0
DA:60,0
DA:61,0
DA:62,0
DA:63,0
DA:65,0
LF:39
LH:10
BRDA:6,0,0,8
BRF:1
BRH:1
end_of_record
TN:
SF:apps\api\src\domains\equipment\maintenance\mapper\maintenance.mapper.ts
FN:5,(anonymous_0)
FNF:1
FNH:0
FNDA:0,(anonymous_0)
DA:4,8
DA:6,0
LF:2
LH:1
BRF:0
BRH:0
end_of_record
TN:
SF:apps\api\src\domains\equipment\maintenance\model\maintenance.model.ts
FNF:0
FNH:0
DA:1,8
DA:2,8
DA:11,8
DA:22,8
LF:4
LH:4
BRF:0
BRH:0
end_of_record
TN:
SF:apps\api\src\domains\equipment\maintenance\permissions\maintenance.permissions.ts
FNF:0
FNH:0
DA:1,8
LF:1
LH:1
BRF:0
BRH:0
end_of_record
TN:
SF:apps\api\src\domains\equipment\maintenance\repository\maintenance.repository.ts
FN:7,(anonymous_0)
FNF:1
FNH:1
FNDA:8,(anonymous_0)
DA:1,8
DA:2,8
DA:6,8
DA:8,8
LF:4
LH:4
BRF:0
BRH:0
end_of_record
TN:
SF:apps\api\src\domains\equipment\maintenance\routes\index.ts
FNF:0
FNH:0
DA:1,8
LF:1
LH:1
BRF:0
BRH:0
end_of_record
TN:
SF:apps\api\src\domains\equipment\maintenance\routes\maintenance.routes.ts
FNF:0
[...]
DA:12,8
DA:13,8
DA:14,8
DA:15,8
DA:17,8
LF:14
LH:14
BRF:0
BRH:0
end_of_record
TN:
SF:apps\api\src\domains\reports\member-reports\service\member-reports.service.ts
FN:9,(anonymous_7)
FN:13,(anonymous_8)
FN:25,(anonymous_10)
FN:31,(anonymous_12)
FN:39,(anonymous_14)
FN:45,(anonymous_16)
FNF:6
FNH:1
FNDA:8,(anonymous_7)
FNDA:0,(anonymous_8)
FNDA:0,(anonymous_10)
FNDA:0,(anonymous_12)
FNDA:0,(anonymous_14)
FNDA:0,(anonymous_16)
DA:1,8
DA:2,8
DA:4,8
DA:5,8
DA:8,8
DA:9,8
DA:10,8
DA:14,0
DA:22,0
DA:26,0
DA:27,0
DA:28,0
DA:32,0
DA:33,0
DA:40,0
DA:41,0
DA:42,0
DA:46,0
DA:47,0
DA:48,0
LF:20
LH:7
BRDA:9,0,0,8
BRDA:19,1,0,0
BRDA:19,1,1,0
BRDA:27,2,0,0
BRDA:41,3,0,0
BRDA:47,4,0,0
BRF:6
BRH:1
end_of_record
TN:
SF:apps\api\src\domains\reports\member-reports\validation\member-reports.validation.ts
FNF:0
FNH:0
DA:1,8
DA:3,8
DA:10,8
LF:3
LH:3
BRF:0
BRH:0
end_of_record
TN:
SF:apps\api\src\domains\reports\revenue-reports\controller\revenue-reports.controller.ts
FN:6,(anonymous_7)
FN:10,(anonymous_8)
FN:10,(anonymous_9)
FN:26,(anonymous_10)
FN:26,(anonymous_11)
FN:36,(anonymous_12)
FN:36,(anonymous_13)
FN:47,(anonymous_14)
FN:47,(anonymous_15)
FN:58,(anonymous_16)
FN:58,(anonymous_17)
FNF:11
FNH:1
FNDA:8,(anonymous_7)
FNDA:0,(anonymous_8)
FNDA:0,(anonymous_9)
FNDA:0,(anonymous_10)
FNDA:0,(anonymous_11)
FNDA:0,(anonymous_12)
FNDA:0,(anonymous_13)
FNDA:0,(anonymous_14)
FNDA:0,(anonymous_15)
FNDA:0,(anonymous_16)
FNDA:0,(anonymous_17)
DA:2,8
DA:3,8
DA:5,8
DA:6,8
DA:7,8
DA:10,8
DA:11,0
DA:12,0
DA:13,0
DA:14,0
DA:15,0
DA:22,0
DA:26,8
DA:27,0
DA:28,0
DA:29,0
DA:30,0
DA:32,0
DA:36,8
DA:37,0
DA:38,0
DA:39,0
DA:40,0
DA:41,0
DA:43,0
DA:47,8
DA:48,0
DA:49,0
DA:50,0
DA:51,0
DA:52,0
DA:54,0
DA:58,8
DA:59,0
DA:60,0
DA:61,0
DA:62,0
DA:63,0
DA:65,0
LF:39
LH:10
BRDA:6,0,0,8
BRF:1
BRH:1
end_of_record
TN:
SF:apps\api\src\domains\reports\revenue-reports\mapper\revenue-reports.mapper.ts
FN:5,(anonymous_0)
FNF:1
FNH:0
FNDA:0,(anonymous_0)
DA:4,8
DA:6,0
LF:2
LH:1
BRF:0
BRH:0
end_of_record
TN:
SF:apps\api\src\domains\reports\revenue-reports\model\revenue-reports.model.ts
FNF:0
FNH:0
DA:1,8
DA:2,8
DA:11,8
DA:22,8
LF:4
LH:4
BRF:0
BRH:0
end_of_record
TN:
SF:apps\api\src\domains\reports\revenue-reports\permissions\revenue-reports.permissions.ts
FNF:0
FNH:0
DA:1,8
LF:1
LH:1
BRF:0
BRH:0
end_of_record
TN:
SF:apps\api\src\domains\reports\revenue-reports\repository\revenue-reports.repository.ts
FN:7,(anonymous_0)
FNF:1
FNH:1
FNDA:8,(anonymous_0)
DA:1,8
DA:2,8
DA:6,8
DA:8,8
LF:4
LH:4
BRF:0
BRH:0
end_of_record
TN:
SF:apps\api\src\domains\reports\revenue-reports\routes\index.ts
FNF:0
FNH:0
DA:1,8
LF:1
LH:1
BRF:0
BRH:0
end_of_record
TN:
SF:apps\api\src\domains\reports\revenue-reports\routes\revenue-reports.routes.ts
FNF:0
FNH:0
DA:1,8
DA:2,8
DA:3,8
DA:4,8
DA:5,8
DA:6,8
DA:8,8
DA:9,8
DA:11,8
DA:12,8
DA:13,8
DA:14,8
DA:15,8
DA:17,8
LF:14
LH:14
BRF:0
BRH:0
end_of_record
TN:
SF:apps\api\src\domains\reports\revenue-reports\service\revenue-reports.service.ts
FN:9,(anonymous_7)
FN:13,(anonymous_8)
FN:25,(anonymous_10)
FN:31,(anonymous_12)
FN:39,(anonymous_14)
FN:45,(anonymous_16)
FNF:6
FNH:1
FNDA:8,(anonymous_7)
FNDA:0,(anonymous_8)
FNDA:0,(anonymous_10)
FNDA:0,(anonymous_12)
FNDA:0,(anonymous_14)
FNDA:0,(anonymous_16)
DA:1,8
DA:2,8
DA:4,8
DA:5,8
DA:8,8
DA:9,8
DA:10,8
DA:14,0
DA:22,0
DA:26,0
DA:27,0
DA:28,0
DA:32,0
DA:33,0
DA:40,0
DA:41,0
DA:42,0
DA:46,0
DA:47,0
DA:48,0
LF:20
LH:7
BRDA:9,0,0,8
BRDA:19,1,0,0
BRDA:19,1,1,0
BRDA:27,2,0,0
BRDA:41,3,0,0
BRDA:47,4,0,0
BRF:6
BRH:1
end_of_record
TN:
SF:apps\api\src\domains\reports\revenue-reports\validation\revenue-reports.validation.ts
FNF:0
FNH:0
DA:1,8
DA:3,8
DA:10,8
LF:3
LH:3
BRF:0
BRH:0
end_of_record
TN:
SF:apps\api\src\domains\reports\trainer-reports\controller\trainer-reports.controller.ts
FN:6,(anonymous_7)
FN:10,(anonymous_8)
FN:10,(anonymous_9)
FN:26,(anonymous_10)
FN:26,(anonymous_11)
FN:36,(anonymous_12)
FN:36,(anonymous_13)
FN:47,(anonymous_14)
FN:47,(anonymous_15)
FN:58,(anonymous_16)
FN:58,(anonymous_17)
FNF:11
FNH:1
FNDA:8,(anonymous_7)
FNDA:0,(anonymous_8)
FNDA:0,(anonymous_9)
FNDA:0,(anonymous_10)
FNDA:0,(anonymous_11)
FNDA:0,(anonymous_12)
FNDA:0,(anonymous_13)
FNDA:0,(anonymous_14)
FNDA:0,(anonymous_15)
FNDA:0,(anonymous_16)
FNDA:0,(anonymous_17)
DA:2,8
DA:3,8
DA:5,8
DA:6,8
DA:7,8
DA:10,8
DA:11,0
DA:12,0
DA:13,0
DA:14,0
DA:15,0
DA:22,0
DA:26,8
DA:27,0
DA:28,0
DA:29,0
DA:30,0
DA:32,0
DA:36,8
DA:37,0
DA:38,0
DA:39,0
DA:40,0
DA:41,0
DA:43,0
DA:47,8
DA:48,0
DA:49,0
DA:50,0
DA:51,0
DA:52,0
DA:54,0
DA:58,8
DA:59,0
DA:60,0
DA:61,0
DA:62,0
DA:63,0
DA:65,0
LF:39
LH:10
BRDA:6,0,0,8
BRF:1
BRH:1
end_of_record
TN:
SF:apps\api\src\domains\reports\trainer-reports\mapper\trainer-reports.mapper.ts
FN:5,(anonymous_0)
FNF:1
FNH:0
FNDA:0,(anonymous_0)
DA:4,8
DA:6,0
LF:2
LH:1
BRF:0
BRH:0
end_of_record
TN:
SF:apps\api\src\domains\reports\trainer-reports\model\trainer-reports.model.ts
FNF:0
FNH:0
DA:1,8
DA:2,8
DA:11,8
DA:22,8
LF:4
LH:4
BRF:0
BRH:0
end_of_record
TN:
SF:apps\api\src\domains\reports\trainer-reports\permissions\trainer-reports.permissions.ts
FNF:0
FNH:0
DA:1,8
LF:1
LH:1
BRF:0
BRH:0
end_of_record
TN:
SF:apps\api\src\domains\reports\trainer-reports\repository\trainer-reports.repository.ts
FN:7,(anonymous_0)
FNF:1
FNH:1
FNDA:8,(anonymous_0)
DA:1,8
DA:2,8
DA:6,8
DA:8,8
LF:4
LH:4
BRF:0
BRH:0
end_of_record
TN:
SF:apps\api\src\domains\reports\trainer-reports\routes\index.ts
FNF:0
FNH:0
DA:1,8
LF:1
LH:1
BRF:0
BRH:0
end_of_record
TN:
SF:apps\api\src\domains\reports\trainer-reports\routes\trainer-reports.routes.ts
FNF:0
FNH:0
DA:1,8
DA:2,8
DA:3,8
DA:4,8
DA:5,8
DA:6,8
DA:8,8
DA:9,8
DA:11,8
DA:12,8
DA:13,8
DA:14,8
DA:15,8
DA:17,8
LF:14
LH:14
BRF:0
BRH:0
end_of_record
TN:
SF:apps\api\src\domains\reports\trainer-reports\service\trainer-reports.service.ts
FN:9,(anonymous_7)
FN:13,(anonymous_8)
FN:25,(anonymous_10)
FN:31,(anonymous_12)
FN:39,(anonymous_14)
FN:45,(anonymous_16)
FNF:6
FNH:1
FNDA:8,(anonymous_7)
FNDA:0,(anonymous_8)
FNDA:0,(anonymous_10)
FNDA:0,(anonymous_12)
FNDA:0,(anonymous_14)
FNDA:0,(anonymous_16)
DA:1,8
DA:2,8
DA:4,8
DA:5,8
DA:8,8
DA:9,8
DA:10,8
DA:14,0
DA:22,0
DA:26,0
DA:27,0
DA:28,0
DA:32,0
DA:33,0
DA:40,0
DA:41,0
DA:42,0
DA:46,0
DA:47,0
DA:48,0
LF:20
LH:7
BRDA:9,0,0,8
BRDA:19,1,0,0
BRDA:19,1,1,0
BRDA:27,2,0,0
BRDA:41,3,0,0
BRDA:47,4,0,0
BRF:6
BRH:1
end_of_record
TN:
SF:apps\api\src\domains\reports\trainer-reports\validation\trainer-reports.validation.ts
FNF:0
FNH:0
DA:1,8
DA:3,8
DA:10,8
LF:3
LH:3
BRF:0
BRH:0
end_of_record
TN:
SF:apps\api\src\domains\scheduling\routes.ts
FNF:0
FNH:0
DA:1,8
DA:2,8
DA:3,8
DA:4,8
DA:5,8
DA:6,8
DA:8,8
DA:10,8
DA:11,8
DA:12,8
DA:13,8
DA:14,8
DA:16,8
LF:13
LH:13
BRF:0
BRH:0
end_of_record
TN:
SF:apps\api\src\domains\scheduling\appointments\controller\appointments.controller.ts
FN:6,(anonymous_7)
FN:10,(anonymous_8)
FN:10,(anonymous_9)
FN:26,(anonymous_10)
FN:26,(anonymous_11)
FN:36,(anonymous_12)
FN:36,(anonymous_13)
FN:47,(anonymous_14)
FN:47,(anonymous_15)
FN:58,(anonymous_16)
FN:58,(anonymous_17)
FNF:11
FNH:1
FNDA:8,(anonymous_7)
FNDA:0,(anonymous_8)
FNDA:0,(anonymous_9)
FNDA:0,(anonymous_10)
FNDA:0,(anonymous_11)
FNDA:0,(anonymous_12)
FNDA:0,(anonymous_13)
FNDA:0,(anonymous_14)
FNDA:0,(anonymous_15)
FNDA:0,(anonymous_16)
FNDA:0,(anonymous_17)
DA:2,8
DA:3,8
DA:5,8
DA:6,8
DA:7,8
DA:10,8
DA:11,0
DA:12,0
DA:13,0
DA:14,0
DA:15,0
DA:22,0
DA:26,8
DA:27,0
DA:28,0
DA:29,0
DA:30,0
DA:32,0
DA:36,8
DA:37,0
DA:38,0
DA:39,0
DA:40,0
DA:41,0
DA:43,0
DA:47,8
DA:48,0
DA:49,0
DA:50,0
DA:51,0
DA:52,0
DA:54,0
DA:58,8
DA:59,0
DA:60,0
DA:61,0
DA:62,0
DA:63,0
DA:65,0
LF:39
LH:10
BRDA:6,0,0,8
BRF:1
BRH:1
end_of_record
TN:
SF:apps\api\src\domains\scheduling\appointments\mapper\appointments.mapper.ts
FN:5,(anonymous_0)
FNF:1
FNH:0
FNDA:0,(anonymous_0)
DA:4,8
DA:6,0
LF:2
LH:1
BRF:0
BRH:0
end_of_record
TN:
SF:apps\api\src\domains\scheduling\appointments\model\appointments.model.ts
FNF:0
FNH:0
DA:1,8
DA:2,8
DA:11,8
DA:22,8
LF:4
LH:4
BRF:0
BRH:0
end_of_record
TN:
SF:apps\api\src\domains\scheduling\appointments\permissions\appointments.permissions.ts
FNF:0
FNH:0
DA:1,8
LF:1
LH:1
BRF:0
BRH:0
end_of_record
TN:
SF:apps\api\src\domains\scheduling\appointments\repository\appointments.repository.ts
FN:7,(anonymous_0)
FNF:1
FNH:1
FNDA:8,(anonymous_0)
DA:1,8
DA:2,8
DA:6,8
DA:8,8
LF:4
LH:4
BRF:0
BRH:0
end_of_record
TN:
SF:apps\api\src\domains\scheduling\appointments\routes\appointments.routes.ts
FNF:0
FNH:0
DA:1,8
DA:2,8
DA:3,8
DA:4,8
DA:5,8
DA:6,8
DA:8,8
DA:9,8
DA:11,8
DA:12,8
DA:13,8
DA:14,8
DA:15,8
DA:17,8
LF:14
LH:14
BRF:0
BRH:0
end_of_record
TN:
SF:apps\api\src\domains\scheduling\appointments\routes\index.ts
FNF:0
FNH:0
DA:1,8
LF:1
LH:1
BRF:0
BRH:0
end_of_record
TN:
SF:apps\api\src\domains\scheduling\appointments\service\appointments.service.ts
FN:9,(anonymous_7)
FN:13,(anonymous_8)
FN:25,(anonymous_10)
FN:31,(anonymous_12)
FN:39,(anonymous_14)
FN:45,(anonymous_16)
FNF:6
FNH:1
FNDA:8,(anonymous_7)
FNDA:0,(anonymous_8)
FNDA:0,(anonymous_10)
FNDA:0,(anonymous_12)
FNDA:0,(anonymous_14)
FNDA:0,(anonymous_16)
DA:1,8
DA:2,8
DA:4,8
DA:5,8
DA:8,8
DA:9,8
DA:10,8
DA:14,0
DA:22,0
DA:26,0
DA:27,0
DA:28,0
DA:32,0
DA:33,0
DA:40,0
DA:41,0
DA:42,0
DA:46,0
DA:47,0
DA:48,0
LF:20
LH:7
BRDA:9,0,0,8
BRDA:19,1,0,0
BRDA:19,1,1,0
BRDA:27,2,0,0
BRDA:41,3,0,0
BRDA:47,4,0,0
BRF:6
BRH:1
end_of_record
TN:
SF:apps\api\src\domains\scheduling\appointments\validation\appointments.validation.ts
FNF:0
FNH:0
DA:1,8
DA:3,8
DA:10,8
LF:3
LH:3
BRF:0
BRH:0
end_of_record
TN:
SF:apps\api\src\domains\scheduling\calendar\controller\calendar.controller.ts
FN:6,(anonymous_7)
FN:10,(anonymous_8)
FN:10,(anonymous_9)
FN:26,(anonymous_10)
FN:26,(anonymous_11)
FN:36,(anonymous_12)
FN:36,(anonymous_13)
FN:47,(anonymous_14)
FN:47,(anonymous_15)
FN:58,(anonymous_16)
FN:58,(anonymous_17)
FNF:11
FNH:1
FNDA:8,(anonymous_7)
FNDA:0,(anonymous_8)
FNDA:0,(anonymous_9)
FNDA:0,(anonymous_10)
FNDA:0,(anonymous_11)
FNDA:0,(anonymous_12)
FNDA:0,(anonymous_13)
FNDA:0,(anonymous_14)
FNDA:0,(anonymous_15)
FNDA:0,(anonymous_16)
FNDA:0,(anonymous_17)
DA:2,8
DA:3,8
DA:5,8
DA:6,8
DA:7,8
DA:10,8
DA:11,0
DA:12,0
DA:13,0
DA:14,0
DA:15,0
DA:22,0
DA:26,8
DA:27,0
DA:28,0
DA:29,0
DA:30,0
DA:32,0
DA:36,8
DA:37,0
DA:38,0
DA:39,0
DA:40,0
DA:41,0
DA:43,0
DA:47,8
DA:48,0
DA:49,0
DA:50,0
DA:51,0
DA:52,0
DA:54,0
DA:58,8
DA:59,0
DA:60,0
DA:61,0
DA:62,0
DA:63,0
DA:65,0
LF:39
LH:10
BRDA:6,0,0,8
BRF:1
BRH:1
end_of_record
TN:
SF:apps\api\src\domains\scheduling\calendar\mapper\calendar.mapper.ts
FN:5,(anonymous_0)
FNF:1
FNH:0
FNDA:0,(anonymous_0)
DA:4,8
DA:6,0
LF:2
LH:1
BRF:0
BRH:0
end_of_record
TN:
SF:apps\api\src\domains\scheduling\calendar\model\calendar.model.ts
FNF:0
FNH:0
DA:1,8
DA:2,8
DA:11,8
DA:22,8
LF:4
LH:4
BRF:0
BRH:0
end_of_record
TN:
SF:apps\api\src\domains\scheduling\calendar\permissions\calendar.permissions.ts
FNF:0
FNH:0
DA:1,8
LF:1
LH:1
BRF:0
BRH:0
end_of_record
TN:
SF:apps\api\src\domains\scheduling\calendar\repository\calendar.repository.ts
FN:7,(anonymous_0)
FNF:1
FNH:1
FNDA:8,(anonymous_0)
DA:1,8
DA:2,8
DA:6,8
DA:8,8
LF:4
LH:4
BRF:0
BRH:0
end_of_record
TN:
SF:apps\api\src\domains\scheduling\calendar\routes\calendar.routes.ts
FNF:0
FNH:0
DA:1,8
DA:2,8
DA:3,8
DA:4,8
DA:5,8
DA:6,8
DA:8,8
DA:9,8
DA:11,8
DA:12,8
DA:13,8
DA:14,8
DA:15,8
DA:17,8
LF:14
LH:14
BRF:0
BRH:0
end_of_record
TN:
SF:apps\api\src\domains\scheduling\calendar\routes\index.ts
FNF:0
FNH:0
DA:1,8
LF:1
LH:1
BRF:0
BRH:0
end_of_record
TN:
SF:apps\api\src\domains\scheduling\calendar\service\calendar.service.ts
FN:9,(anonymous_7)
FN:13,(anonymous_8)
FN:25,(anonymous_10)
FN:31,(anonymous_12)
FN:39,(anonymous_14)
FN:45,(anonymous_16)
FNF:6
FNH:1
FNDA:8,(anonymous_7)
FNDA:0,(anonymous_8)
FNDA:0,(anonymous_10)
FNDA:0,(anonymous_12)
FNDA:0,(anonymous_14)
FNDA:0,(anonymous_16)
DA:1,8
DA:2,8
DA:4,8
DA:5,8
DA:8,8
DA:9,8
DA:10,8
DA:14,0
DA:22,0
DA:26,0
DA:27,0
DA:28,0
DA:32,0
DA:33,0
DA:40,0
DA:41,0
DA:42,0
DA:46,0
DA:47,0
DA:48,0
LF:20
LH:7
BRDA:9,0,0,8
BRDA:19,1,0,0
BRDA:19,1,1,0
BRDA:27,2,0,0
BRDA:41,3,0,0
BRDA:47,4,0,0
BRF:6
BRH:1
end_of_record
TN:
SF:apps\api\src\domains\scheduling\calendar\validation\calendar.validation.ts
FNF:0
FNH:0
DA:1,8
DA:3,8
DA:10,8
LF:3
LH:3
BRF:0
BRH:0
end_of_record
TN:
SF:apps\api\src\domains\scheduling\classes\controller\classes.controller.ts
FN:5,(anonymous_7)
FN:6,(anonymous_8)
FN:6,(anonymous_9)
FN:15,(anonymous_10)
FN:15,(anonymous_11)
FNF:5
FNH:1
FNDA:8,(anonymous_7)
FNDA:0,(anonymous_8)
FNDA:0,(anonymous_9)
FNDA:0,(anonymous_10)
FNDA:0,(anonymous_11)
DA:2,8
DA:3,8
DA:5,8
DA:6,8
DA:7,0
DA:8,0
DA:9,0
DA:11,0
DA:15,8
DA:16,0
DA:17,0
DA:22,0
DA:24,0
LF:13
LH:5
BRDA:19,0,0,0
BRDA:19,0,1,0
BRF:2
BRH:0
end_of_record
TN:
SF:apps\api\src\domains\scheduling\classes\model\classes.model.ts
FNF:0
FNH:0
DA:1,8
DA:2,8
DA:17,8
DA:44,8
LF:4
LH:4
BRF:0
BRH:0
end_of_record
TN:
SF:apps\api\src\domains\scheduling\classes\routes\classes.routes.ts
FNF:0
FNH:0
DA:1,8
DA:2,8
DA:4,8
DA:5,8
DA:7,8
DA:8,8
LF:6
LH:6
BRF:0
BRH:0
end_of_record
TN:
SF:apps\api\src\domains\scheduling\classes\routes\index.ts
FNF:0
FNH:0
DA:1,8
LF:1
LH:1
BRF:0
BRH:0
end_of_record
TN:
SF:apps\api\src\domains\scheduling\resource-booking\controller\resource-booking.controller.ts
FN:6,(anonymous_7)
FN:10,(anonymous_8)
FN:10,(anonymous_9)
FN:26,(anonymous_10)
FN:26,(anonymous_11)
FN:36,(anonymous_12)
FN:36,(anonymous_13)
FN:47,(anonymous_14)
FN:47,(anonymous_15)
FN:58,(anonymous_16)
FN:58,(anonymous_17)
FNF:11
FNH:1
FNDA:8,(anonymous_7)
FNDA:0,(anonymous_8)
FNDA:0,(anonymous_9)
FNDA:0,(anonymous_10)
FNDA:0,(anonymous_11)
FNDA:0,(anonymous_12)
FNDA:0,(anonymous_13)
FNDA:0,(anonymous_14)
FNDA:0,(anonymous_15)
FNDA:0,(anonymous_16)
FNDA:0,(anonymous_17)
DA:2,8
DA:3,8
DA:5,8
DA:6,8
DA:7,8
DA:10,8
DA:11,0
DA:12,0
DA:13,0
DA:14,0
DA:15,0
DA:22,0
DA:26,8
DA:27,0
DA:28,0
DA:29,0
DA:30,0
DA:32,0
DA:36,8
DA:37,0
DA:38,0
DA:39,0
DA:40,0
DA:41,0
DA:43,0
DA:47,8
DA:48,0
DA:49,0
DA:50,0
DA:51,0
DA:52,0
DA:54,0
DA:58,8
DA:59,0
DA:60,0
DA:61,0
DA:62,0
DA:63,0
DA:65,0
LF:39
LH:10
BRDA:6,0,0,8
BRF:1
BRH:1
end_of_record
TN:
SF:apps\api\src\domains\scheduling\resource-booking\mapper\resource-booking.mapper.ts
FN:5,(anonymous_0)
FNF:1
FNH:0
FNDA:0,(anonymous_0)
DA:4,8
DA:6,0
LF:2
LH:1
BRF:0
BRH:0
end_of_record
TN:
SF:apps\api\src\domains\scheduling\resource-booking\model\resource-booking.model.ts
FNF:0
FNH:0
DA:1,8
DA:2,8
DA:11,8
DA:22,8
LF:4
LH:4
BRF:0
BRH:0
end_of_record
TN:
SF:apps\api\src\domains\scheduling\resource-booking\permissions\resource-booking.permissions.ts
FNF:0
FNH:0
DA:1,8
LF:1
LH:1
BRF:0
BRH:0
end_of_record
TN:
SF:apps\api\src\domains\scheduling\resource-booking\repository\resource-booking.repository.ts
FN:7,(anonymous_0)
FNF:1
FNH:1
FNDA:8,(anonymous_0)
DA:1,8
DA:2,8
DA:6,8
DA:8,8
LF:4
LH:4
BRF:0
BRH:0
end_of_record
TN:
SF:apps\api\src\domains\scheduling\resource-booking\routes\index.ts
FNF:0
FNH:0
DA:1,8
LF:1
LH:1
BRF:0
BRH:0
end_of_record
TN:
SF:apps\api\src\domains\scheduling\resource-booking\routes\resource-booking.routes.ts
FNF:0
FNH:0
DA:1,8
DA:2,8
DA:3,8
DA:4,8
DA:5,8
DA:6,8
DA:8,8
DA:9,8
DA:11,8
DA:12,8
DA:13,8
DA:14,8
DA:15,8
DA:17,8
LF:14
LH:14
BRF:0
BRH:0
end_of_record
TN:
SF:apps\api\src\domains\scheduling\resource-booking\service\resource-booking.service.ts
FN:9,(anonymous_7)
FN:13,(anonymous_8)
FN:25,(anonymous_10)
FN:31,(anonymous_12)
FN:39,(anonymous_14)
FN:45,(anonymous_16)
FNF:6
FNH:1
FNDA:8,(anonymous_7)
FNDA:0,(anonymous_8)
FNDA:0,(anonymous_10)
FNDA:0,(anonymous_12)
FNDA:0,(anonymous_14)
FNDA:0,(anonymous_16)
DA:1,8
DA:2,8
DA:4,8
DA:5,8
DA:8,8
DA:9,8
DA:10,8
DA:14,0
DA:22,0
DA:26,0
DA:27,0
DA:28,0
DA:32,0
DA:33,0
DA:40,0
DA:41,0
DA:42,0
DA:46,0
DA:47,0
DA:48,0
LF:20
LH:7
BRDA:9,0,0,8
BRDA:19,1,0,0
BRDA:19,1,1,0
BRDA:27,2,0,0
BRDA:41,3,0,0
BRDA:47,4,0,0
BRF:6
BRH:1
end_of_record
TN:
SF:apps\api\src\domains\scheduling\resource-booking\validation\resource-booking.validation.ts
FNF:0
FNH:0
DA:1,8
DA:3,8
DA:10,8
LF:3
LH:3
BRF:0
BRH:0
end_of_record
TN:
SF:apps\api\src\domains\scheduling\trainer-schedule\controller\trainer-schedule.controller.ts
FN:6,(anonymous_7)
FN:10,(anonymous_8)
FN:10,(anonymous_9)
FN:26,(anonymous_10)
FN:26,(anonymous_11)
FN:36,(anonymous_12)
FN:36,(anonymous_13)
FN:47,(anonymous_14)
FN:47,(anonymous_15)
FN:58,(anonymous_16)
FN:58,(anonymous_17)
FNF:11
FNH:1
FNDA:8,(anonymous_7)
FNDA:0,(anonymous_8)
FNDA:0,(anonymous_9)
FNDA:0,(anonymous_10)
FNDA:0,(anonymous_11)
FNDA:0,(anonymous_12)
FNDA:0,(anonymous_13)
FNDA:0,(anonymous_14)
FNDA:0,(anonymous_15)
FNDA:0,(anonymous_16)
FNDA:0,(anonymous_17)
DA:2,8
DA:3,8
DA:5,8
DA:6,8
DA:7,8
DA:10,8
DA:11,0
DA:12,0
DA:13,0
DA:14,0
DA:15,0
DA:22,0
DA:26,8
DA:27,0
DA:28,0
DA:29,0
DA:30,0
DA:32,0
DA:36,8
DA:37,0
DA:38,0
DA:39,0
DA:40,0
DA:41,0
DA:43,0
DA:47,8
DA:48,0
DA:49,0
DA:50,0
DA:51,0
DA:52,0
DA:54,0
DA:58,8
DA:59,0
DA:60,0
DA:61,0
DA:62,0
DA:63,0
DA:65,0
LF:39
LH:10
BRDA:6,0,0,8
BRF:1
BRH:1
end_of_record
TN:
SF:apps\api\src\domains\scheduling\trainer-schedule\mapper\trainer-schedule.mapper.ts
FN:5,(anonymous_0)
FNF:1
FNH:0
FNDA:0,(anonymous_0)
DA:4,8
DA:6,0
LF:2
LH:1
BRF:0
BRH:0
end_of_record
TN:
SF:apps\api\src\domains\scheduling\trainer-schedule\model\trainer-schedule.model.ts
FNF:0
FNH:0
DA:1,8
DA:2,8
DA:11,8
DA:22,8
LF:4
LH:4
BRF:0
BRH:0
end_of_record
TN:
SF:apps\api\src\domains\scheduling\trainer-schedule\permissions\trainer-schedule.permissions.ts
FNF:0
FNH:0
DA:1,8
LF:1
LH:1
BRF:0
BRH:0
end_of_record
TN:
SF:apps\api\src\domains\scheduling\trainer-schedule\repository\trainer-schedule.repository.ts
FN:7,(anonymous_0)
FNF:1
FNH:1
FNDA:8,(anonymous_0)
DA:1,8
DA:2,8
DA:6,8
DA:8,8
LF:4
LH:4
BRF:0
BRH:0
end_of_record
TN:
SF:apps\api\src\domains\scheduling\trainer-schedule\routes\index.ts
FNF:0
FNH:0
DA:1,8
LF:1
LH:1
BRF:0
BRH:0
end_of_record
TN:
SF:apps\api\src\domains\scheduling\trainer-schedule\routes\trainer-schedule.routes.ts
FNF:0
FNH:0
DA:1,8
DA:2,8
DA:3,8
DA:4,8
DA:5,8
DA:6,8
DA:8,8
DA:9,8
DA:11,8
DA:12,8
DA:13,8
DA:14,8
DA:15,8
DA:17,8
LF:14
LH:14
BRF:0
BRH:0
end_of_record
TN:
SF:apps\api\src\domains\scheduling\trainer-schedule\service\trainer-schedule.service.ts
FN:9,(anonymous_7)
FN:13,(anonymous_8)
FN:25,(anonymous_10)
FN:31,(anonymous_12)
FN:39,(anonymous_14)
FN:45,(anonymous_16)
FNF:6
FNH:1
FNDA:8,(anonymous_7)
FNDA:0,(anonymous_8)
FNDA:0,(anonymous_10)
FNDA:0,(anonymous_12)
FNDA:0,(anonymous_14)
FNDA:0,(anonymous_16)
DA:1,8
DA:2,8
DA:4,8
DA:5,8
DA:8,8
DA:9,8
DA:10,8
DA:14,0
DA:22,0
DA:26,0
DA:27,0
DA:28,0
DA:32,0
DA:33,0
DA:40,0
DA:41,0
DA:42,0
DA:46,0
DA:47,0
DA:48,0
LF:20
LH:7
BRDA:9,0,0,8
BRDA:19,1,0,0
BRDA:19,1,1,0
BRDA:27,2,0,0
BRDA:41,3,0,0
BRDA:47,4,0,0
BRF:6
BRH:1
end_of_record
TN:
SF:apps\api\src\domains\scheduling\trainer-schedule\validation\trainer-schedule.validation.ts
FNF:0
FNH:0
DA:1,8
DA:3,8
DA:10,8
LF:3
LH:3
BRF:0
BRH:0
end_of_record
TN:
SF:apps\api\src\routes\api.router.ts
FN:25,(anonymous_0)
FNF:1
FNH:1
FNDA:1,(anonymous_0)
DA:1,8
DA:2,8
DA:3,8
DA:5,8
DA:6,8
DA:7,8
DA:8,8
DA:9,8
DA:10,8
DA:11,8
DA:12,8
DA:13,8
DA:14,8
DA:15,8
DA:16,8
DA:17,8
DA:18,8
DA:19,8
DA:20,8
DA:22,8
DA:25,8
DA:26,1
DA:34,8
DA:37,8
DA:38,8
DA:40,8
DA:41,8
DA:42,8
DA:43,8
DA:44,8
DA:45,8
DA:46,8
DA:47,8
DA:48,8
DA:49,8
DA:50,8
DA:51,8
DA:52,8
DA:53,8
DA:54,8
DA:55,8
DA:56,8
LF:42
LH:42
BRF:0
BRH:0
end_of_record
TN:
SF:apps\api\src\shared\base\BaseController.ts
FN:5,(anonymous_0)
FN:9,(anonymous_1)
FN:13,(anonymous_2)
FN:17,(anonymous_3)
FN:21,(anonymous_4)
FNF:5
FNH:2
FNDA:10,(anonymous_0)
FNDA:0,(anonymous_1)
FNDA:0,(anonymous_2)
FNDA:6,(anonymous_3)
FNDA:0,(anonymous_4)
DA:2,8
DA:4,8
DA:6,10
DA:10,0
DA:14,0
DA:18,6
DA:22,0
LF:7
LH:4
BRDA:5,0,0,0
BRDA:9,1,0,0
BRDA:18,2,0,6
BRDA:18,2,1,0
BRDA:18,2,2,0
BRDA:18,3,0,0
BRDA:18,3,1,0
BRDA:18,4,0,0
BRDA:18,4,1,0
BRDA:22,5,0,0
BRDA:22,5,1,0
BRDA:22,6,0,0
BRDA:22,6,1,0
BRF:13
BRH:1
end_of_record
TN:
SF:apps\api\src\shared\base\BaseResponse.ts
FN:16,(anonymous_0)
FN:29,(anonymous_1)
FNF:2
FNH:2
FNDA:13,(anonymous_0)
FNDA:2,(anonymous_1)
DA:15,8
DA:17,13
DA:30,2
LF:3
LH:3
BRDA:16,0,0,0
BRDA:29,1,0,0
BRDA:29,2,0,2
BRF:3
BRH:1
end_of_record
TN:
SF:apps\api\src\shared\base\BaseService.ts
FNF:0
FNH:0
DA:1,8
LF:1
LH:1
BRF:0
BRH:0
end_of_record
